[0.007s] Invoking command in '/home/luomo/Documents/GitHub/detect_armor_robomaster/build/armor_interfaces': CMAKE_PREFIX_PATH=${CMAKE_PREFIX_PATH}:/opt/ros/jazzy CONDA_PROMPT_MODIFIER=(base) DEBUGINFOD_URLS=https://debuginfod.ubuntu.com /usr/bin/cmake /home/luomo/Documents/GitHub/detect_armor_robomaster/src/armor_interfaces -DCMAKE_INSTALL_PREFIX=/home/luomo/Documents/GitHub/detect_armor_robomaster/install/armor_interfaces
[0.085s] -- The C compiler identification is GNU 13.3.0
[0.143s] -- The CXX compiler identification is GNU 13.3.0
[0.155s] -- Detecting C compiler ABI info
[0.211s] -- Detecting C compiler ABI info - done
[0.217s] -- Check for working C compiler: /usr/bin/cc - skipped
[0.217s] -- Detecting C compile features
[0.217s] -- Detecting C compile features - done
[0.225s] -- Detecting CXX compiler ABI info
[0.282s] -- Detecting CXX compiler ABI info - done
[0.287s] -- Check for working CXX compiler: /usr/bin/c++ - skipped
[0.287s] -- Detecting CXX compile features
[0.288s] -- Detecting CXX compile features - done
[0.290s] -- Found ament_cmake: 2.5.5 (/opt/ros/jazzy/share/ament_cmake/cmake)
[0.364s] -- Found Python3: /home/luomo/miniconda3/bin/python3 (found version "3.13.11") found components: Interpreter 
[0.440s] -- Found rosidl_default_generators: 1.6.0 (/opt/ros/jazzy/share/rosidl_default_generators/cmake)
[0.444s] -- Using all available rosidl_typesupport_c: rosidl_typesupport_fastrtps_c;rosidl_typesupport_introspection_c
[0.478s] -- Using all available rosidl_typesupport_cpp: rosidl_typesupport_fastrtps_cpp;rosidl_typesupport_introspection_cpp
[0.502s] -- Found rosidl_adapter: 4.6.7 (/opt/ros/jazzy/share/rosidl_adapter/cmake)
[0.826s] -- Found ament_cmake_ros: 0.12.0 (/opt/ros/jazzy/share/ament_cmake_ros/cmake)
[1.047s] -- Using all available rosidl_typesupport_c: rosidl_typesupport_fastrtps_c;rosidl_typesupport_introspection_c
[1.334s] -- Using all available rosidl_typesupport_cpp: rosidl_typesupport_fastrtps_cpp;rosidl_typesupport_introspection_cpp
[1.336s] -- Found python_cmake_module: 0.11.1 (/opt/ros/jazzy/share/python_cmake_module/cmake)
[1.403s] -- Found PythonExtra: /home/luomo/miniconda3/bin/python3  
[1.735s] -- Found Python3: /home/luomo/miniconda3/bin/python3 (found version "3.13.11") found components: Interpreter Development NumPy Development.Module Development.Embed 
[1.753s] -- Found ament_lint_auto: 0.17.4 (/opt/ros/jazzy/share/ament_lint_auto/cmake)
[1.758s] -- Configuring done (1.7s)
[1.774s] -- Generating done (0.0s)
[1.780s] -- Build files have been written to: /home/luomo/Documents/GitHub/detect_armor_robomaster/build/armor_interfaces
[1.784s] Invoked command in '/home/luomo/Documents/GitHub/detect_armor_robomaster/build/armor_interfaces' returned '0': CMAKE_PREFIX_PATH=${CMAKE_PREFIX_PATH}:/opt/ros/jazzy CONDA_PROMPT_MODIFIER=(base) DEBUGINFOD_URLS=https://debuginfod.ubuntu.com /usr/bin/cmake /home/luomo/Documents/GitHub/detect_armor_robomaster/src/armor_interfaces -DCMAKE_INSTALL_PREFIX=/home/luomo/Documents/GitHub/detect_armor_robomaster/install/armor_interfaces
[1.785s] Invoking command in '/home/luomo/Documents/GitHub/detect_armor_robomaster/build/armor_interfaces': CMAKE_PREFIX_PATH=${CMAKE_PREFIX_PATH}:/opt/ros/jazzy CONDA_PROMPT_MODIFIER=(base) DEBUGINFOD_URLS=https://debuginfod.ubuntu.com /usr/bin/cmake --build /home/luomo/Documents/GitHub/detect_armor_robomaster/build/armor_interfaces -- -j20 -l20
[1.812s] [  2%] [34m[1mGenerating type hashes for ROS interfaces[0m
[1.816s] [  2%] Built target ament_cmake_python_copy_armor_interfaces
[1.911s] [  2%] Built target armor_interfaces__rosidl_generator_type_description
[1.917s] [  5%] [34m[1mGenerating C code for ROS interfaces[0m
[1.922s] [  8%] [34m[1mGenerating C++ code for ROS interfaces[0m
[1.927s] running egg_info
[1.933s] creating armor_interfaces.egg-info
[1.933s] writing armor_interfaces.egg-info/PKG-INFO
[1.933s] writing dependency_links to armor_interfaces.egg-info/dependency_links.txt
[1.933s] writing top-level names to armor_interfaces.egg-info/top_level.txt
[1.933s] writing manifest file 'armor_interfaces.egg-info/SOURCES.txt'
[1.950s] reading manifest file 'armor_interfaces.egg-info/SOURCES.txt'
[1.950s] writing manifest file 'armor_interfaces.egg-info/SOURCES.txt'
[1.969s] [  8%] Built target ament_cmake_python_build_armor_interfaces_egg
[2.033s] [  8%] Built target armor_interfaces__cpp
[2.039s] [ 11%] [32mBuilding C object CMakeFiles/armor_interfaces__rosidl_generator_c.dir/rosidl_generator_c/armor_interfaces/msg/detail/armor_info__description.c.o[0m
[2.039s] [ 17%] [32mBuilding C object CMakeFiles/armor_interfaces__rosidl_generator_c.dir/rosidl_generator_c/armor_interfaces/msg/detail/armor_info__type_support.c.o[0m
[2.039s] [ 17%] [32mBuilding C object CMakeFiles/armor_interfaces__rosidl_generator_c.dir/rosidl_generator_c/armor_interfaces/msg/detail/armor_info__functions.c.o[0m
[2.075s] [ 20%] [32m[1mLinking C shared library libarmor_interfaces__rosidl_generator_c.so[0m
[2.097s] [ 20%] Built target armor_interfaces__rosidl_generator_c
[2.103s] [ 38%] [34m[1mGenerating C++ type support for eProsima Fast-RTPS[0m
[2.103s] [ 38%] [34m[1mGenerating C type support for eProsima Fast-RTPS[0m
[2.103s] [ 38%] [34m[1mGenerating C introspection for ROS interfaces[0m
[2.103s] [ 38%] [34m[1mGenerating C type support dispatch for ROS interfaces[0m
[2.103s] [ 38%] [34m[1mGenerating C++ type support dispatch for ROS interfaces[0m
[2.103s] [ 38%] [34m[1mGenerating C++ introspection for ROS interfaces[0m
[2.210s] [ 44%] [32mBuilding C object CMakeFiles/armor_interfaces__rosidl_typesupport_introspection_c.dir/rosidl_typesupport_introspection_c/armor_interfaces/msg/detail/armor_info__type_support.c.o[0m
[2.210s] [ 44%] [32mBuilding CXX object CMakeFiles/armor_interfaces__rosidl_typesupport_cpp.dir/rosidl_typesupport_cpp/armor_interfaces/msg/armor_info__type_support.cpp.o[0m
[2.211s] [ 47%] [32mBuilding CXX object CMakeFiles/armor_interfaces__rosidl_typesupport_c.dir/rosidl_typesupport_c/armor_interfaces/msg/armor_info__type_support.cpp.o[0m
[2.215s] [ 50%] [32mBuilding CXX object CMakeFiles/armor_interfaces__rosidl_typesupport_introspection_cpp.dir/rosidl_typesupport_introspection_cpp/armor_interfaces/msg/detail/armor_info__type_support.cpp.o[0m
[2.225s] [ 52%] [32mBuilding CXX object CMakeFiles/armor_interfaces__rosidl_typesupport_fastrtps_cpp.dir/rosidl_typesupport_fastrtps_cpp/armor_interfaces/msg/detail/dds_fastrtps/armor_info__type_support.cpp.o[0m
[2.225s] [ 55%] [32mBuilding CXX object CMakeFiles/armor_interfaces__rosidl_typesupport_fastrtps_c.dir/rosidl_typesupport_fastrtps_c/armor_interfaces/msg/detail/armor_info__type_support_c.cpp.o[0m
[2.230s] [ 58%] [32m[1mLinking C shared library libarmor_interfaces__rosidl_typesupport_introspection_c.so[0m
[2.238s] [ 61%] [32m[1mLinking CXX shared library libarmor_interfaces__rosidl_typesupport_c.so[0m
[2.249s] [ 61%] Built target armor_interfaces__rosidl_typesupport_introspection_c
[2.262s] [ 61%] Built target armor_interfaces__rosidl_typesupport_c
[2.352s] [ 64%] [32m[1mLinking CXX shared library libarmor_interfaces__rosidl_typesupport_cpp.so[0m
[2.364s] [ 67%] [32m[1mLinking CXX shared library libarmor_interfaces__rosidl_typesupport_introspection_cpp.so[0m
[2.375s] [ 67%] Built target armor_interfaces__rosidl_typesupport_cpp
[2.388s] [ 67%] Built target armor_interfaces__rosidl_typesupport_introspection_cpp
[2.433s] [ 73%] [32m[1mLinking CXX shared library libarmor_interfaces__rosidl_typesupport_fastrtps_c.so[0m
[2.433s] [ 73%] [32m[1mLinking CXX shared library libarmor_interfaces__rosidl_typesupport_fastrtps_cpp.so[0m
[2.460s] [ 73%] Built target armor_interfaces__rosidl_typesupport_fastrtps_c
[2.460s] [ 73%] Built target armor_interfaces__rosidl_typesupport_fastrtps_cpp
[2.470s] [ 73%] Built target armor_interfaces
[2.479s] [ 76%] [34m[1mGenerating Python code for ROS interfaces[0m
[2.605s] [ 76%] Built target armor_interfaces__py
[2.616s] [ 79%] [32mBuilding C object CMakeFiles/armor_interfaces__rosidl_generator_py.dir/rosidl_generator_py/armor_interfaces/msg/_armor_info_s.c.o[0m
[2.703s] [ 82%] [32m[1mLinking C shared library libarmor_interfaces__rosidl_generator_py.so[0m
[2.731s] [ 82%] Built target armor_interfaces__rosidl_generator_py
[2.744s] [ 91%] [32mBuilding C object CMakeFiles/armor_interfaces_s__rosidl_typesupport_c.dir/rosidl_generator_py/armor_interfaces/_armor_interfaces_s.ep.rosidl_typesupport_c.c.o[0m
[2.744s] [ 91%] [32mBuilding C object CMakeFiles/armor_interfaces_s__rosidl_typesupport_fastrtps_c.dir/rosidl_generator_py/armor_interfaces/_armor_interfaces_s.ep.rosidl_typesupport_fastrtps_c.c.o[0m
[2.744s] [ 91%] [32mBuilding C object CMakeFiles/armor_interfaces_s__rosidl_typesupport_introspection_c.dir/rosidl_generator_py/armor_interfaces/_armor_interfaces_s.ep.rosidl_typesupport_introspection_c.c.o[0m
[2.796s] [ 97%] [32m[1mLinking C shared module rosidl_generator_py/armor_interfaces/armor_interfaces_s__rosidl_typesupport_c.so[0m
[2.796s] [ 97%] [32m[1mLinking C shared module rosidl_generator_py/armor_interfaces/armor_interfaces_s__rosidl_typesupport_fastrtps_c.so[0m
[2.796s] [100%] [32m[1mLinking C shared module rosidl_generator_py/armor_interfaces/armor_interfaces_s__rosidl_typesupport_introspection_c.so[0m
[2.813s] [100%] Built target armor_interfaces_s__rosidl_typesupport_c
[2.813s] [100%] Built target armor_interfaces_s__rosidl_typesupport_introspection_c
[2.813s] [100%] Built target armor_interfaces_s__rosidl_typesupport_fastrtps_c
[2.819s] Invoked command in '/home/luomo/Documents/GitHub/detect_armor_robomaster/build/armor_interfaces' returned '0': CMAKE_PREFIX_PATH=${CMAKE_PREFIX_PATH}:/opt/ros/jazzy CONDA_PROMPT_MODIFIER=(base) DEBUGINFOD_URLS=https://debuginfod.ubuntu.com /usr/bin/cmake --build /home/luomo/Documents/GitHub/detect_armor_robomaster/build/armor_interfaces -- -j20 -l20
[2.825s] Invoking command in '/home/luomo/Documents/GitHub/detect_armor_robomaster/build/armor_interfaces': CMAKE_PREFIX_PATH=${CMAKE_PREFIX_PATH}:/opt/ros/jazzy CONDA_PROMPT_MODIFIER=(base) DEBUGINFOD_URLS=https://debuginfod.ubuntu.com /usr/bin/cmake --install /home/luomo/Documents/GitHub/detect_armor_robomaster/build/armor_interfaces
[2.829s] -- Install configuration: ""
[2.829s] -- Installing: /home/luomo/Documents/GitHub/detect_armor_robomaster/install/armor_interfaces/share/ament_index/resource_index/rosidl_interfaces/armor_interfaces
[2.829s] -- Installing: /home/luomo/Documents/GitHub/detect_armor_robomaster/install/armor_interfaces/share/armor_interfaces/msg/ArmorInfo.json
[2.829s] -- Installing: /home/luomo/Documents/GitHub/detect_armor_robomaster/install/armor_interfaces/include/armor_interfaces/armor_interfaces
[2.830s] -- Installing: /home/luomo/Documents/GitHub/detect_armor_robomaster/install/armor_interfaces/include/armor_interfaces/armor_interfaces/msg
[2.830s] -- Installing: /home/luomo/Documents/GitHub/detect_armor_robomaster/install/armor_interfaces/include/armor_interfaces/armor_interfaces/msg/rosidl_generator_c__visibility_control.h
[2.830s] -- Installing: /home/luomo/Documents/GitHub/detect_armor_robomaster/install/armor_interfaces/include/armor_interfaces/armor_interfaces/msg/detail
[2.830s] -- Installing: /home/luomo/Documents/GitHub/detect_armor_robomaster/install/armor_interfaces/include/armor_interfaces/armor_interfaces/msg/detail/armor_info__functions.h
[2.830s] -- Installing: /home/luomo/Documents/GitHub/detect_armor_robomaster/install/armor_interfaces/include/armor_interfaces/armor_interfaces/msg/detail/armor_info__functions.c
[2.830s] -- Installing: /home/luomo/Documents/GitHub/detect_armor_robomaster/install/armor_interfaces/include/armor_interfaces/armor_interfaces/msg/detail/armor_info__type_support.c
[2.830s] -- Installing: /home/luomo/Documents/GitHub/detect_armor_robomaster/install/armor_interfaces/include/armor_interfaces/armor_interfaces/msg/detail/armor_info__struct.h
[2.830s] -- Installing: /home/luomo/Documents/GitHub/detect_armor_robomaster/install/armor_interfaces/include/armor_interfaces/armor_interfaces/msg/detail/armor_info__type_support.h
[2.830s] -- Installing: /home/luomo/Documents/GitHub/detect_armor_robomaster/install/armor_interfaces/include/armor_interfaces/armor_interfaces/msg/detail/armor_info__description.c
[2.830s] -- Installing: /home/luomo/Documents/GitHub/detect_armor_robomaster/install/armor_interfaces/include/armor_interfaces/armor_interfaces/msg/armor_info.h
[2.830s] -- Installing: /home/luomo/Documents/GitHub/detect_armor_robomaster/install/armor_interfaces/share/armor_interfaces/environment/library_path.sh
[2.830s] -- Installing: /home/luomo/Documents/GitHub/detect_armor_robomaster/install/armor_interfaces/share/armor_interfaces/environment/library_path.dsv
[2.830s] -- Installing: /home/luomo/Documents/GitHub/detect_armor_robomaster/install/armor_interfaces/lib/libarmor_interfaces__rosidl_generator_c.so
[2.830s] -- Set non-toolchain portion of runtime path of "/home/luomo/Documents/GitHub/detect_armor_robomaster/install/armor_interfaces/lib/libarmor_interfaces__rosidl_generator_c.so" to ""
[2.830s] -- Up-to-date: /home/luomo/Documents/GitHub/detect_armor_robomaster/install/armor_interfaces/include/armor_interfaces/armor_interfaces
[2.830s] -- Up-to-date: /home/luomo/Documents/GitHub/detect_armor_robomaster/install/armor_interfaces/include/armor_interfaces/armor_interfaces/msg
[2.830s] -- Installing: /home/luomo/Documents/GitHub/detect_armor_robomaster/install/armor_interfaces/include/armor_interfaces/armor_interfaces/msg/rosidl_typesupport_fastrtps_c__visibility_control.h
[2.830s] -- Up-to-date: /home/luomo/Documents/GitHub/detect_armor_robomaster/install/armor_interfaces/include/armor_interfaces/armor_interfaces/msg/detail
[2.830s] -- Installing: /home/luomo/Documents/GitHub/detect_armor_robomaster/install/armor_interfaces/include/armor_interfaces/armor_interfaces/msg/detail/armor_info__rosidl_typesupport_fastrtps_c.h
[2.830s] -- Installing: /home/luomo/Documents/GitHub/detect_armor_robomaster/install/armor_interfaces/lib/libarmor_interfaces__rosidl_typesupport_fastrtps_c.so
[2.830s] -- Set non-toolchain portion of runtime path of "/home/luomo/Documents/GitHub/detect_armor_robomaster/install/armor_interfaces/lib/libarmor_interfaces__rosidl_typesupport_fastrtps_c.so" to ""
[2.831s] -- Up-to-date: /home/luomo/Documents/GitHub/detect_armor_robomaster/install/armor_interfaces/include/armor_interfaces/armor_interfaces
[2.831s] -- Up-to-date: /home/luomo/Documents/GitHub/detect_armor_robomaster/install/armor_interfaces/include/armor_interfaces/armor_interfaces/msg
[2.831s] -- Installing: /home/luomo/Documents/GitHub/detect_armor_robomaster/install/armor_interfaces/include/armor_interfaces/armor_interfaces/msg/rosidl_typesupport_introspection_c__visibility_control.h
[2.831s] -- Up-to-date: /home/luomo/Documents/GitHub/detect_armor_robomaster/install/armor_interfaces/include/armor_interfaces/armor_interfaces/msg/detail
[2.831s] -- Up-to-date: /home/luomo/Documents/GitHub/detect_armor_robomaster/install/armor_interfaces/include/armor_interfaces/armor_interfaces/msg/detail/armor_info__type_support.c
[2.831s] -- Installing: /home/luomo/Documents/GitHub/detect_armor_robomaster/install/armor_interfaces/include/armor_interfaces/armor_interfaces/msg/detail/armor_info__rosidl_typesupport_introspection_c.h
[2.831s] -- Installing: /home/luomo/Documents/GitHub/detect_armor_robomaster/install/armor_interfaces/lib/libarmor_interfaces__rosidl_typesupport_introspection_c.so
[2.831s] -- Set non-toolchain portion of runtime path of "/home/luomo/Documents/GitHub/detect_armor_robomaster/install/armor_interfaces/lib/libarmor_interfaces__rosidl_typesupport_introspection_c.so" to ""
[2.831s] -- Installing: /home/luomo/Documents/GitHub/detect_armor_robomaster/install/armor_interfaces/lib/libarmor_interfaces__rosidl_typesupport_c.so
[2.831s] -- Set non-toolchain portion of runtime path of "/home/luomo/Documents/GitHub/detect_armor_robomaster/install/armor_interfaces/lib/libarmor_interfaces__rosidl_typesupport_c.so" to ""
[2.831s] -- Up-to-date: /home/luomo/Documents/GitHub/detect_armor_robomaster/install/armor_interfaces/include/armor_interfaces/armor_interfaces
[2.831s] -- Up-to-date: /home/luomo/Documents/GitHub/detect_armor_robomaster/install/armor_interfaces/include/armor_interfaces/armor_interfaces/msg
[2.831s] -- Installing: /home/luomo/Documents/GitHub/detect_armor_robomaster/install/armor_interfaces/include/armor_interfaces/armor_interfaces/msg/armor_info.hpp
[2.831s] -- Installing: /home/luomo/Documents/GitHub/detect_armor_robomaster/install/armor_interfaces/include/armor_interfaces/armor_interfaces/msg/rosidl_generator_cpp__visibility_control.hpp
[2.831s] -- Up-to-date: /home/luomo/Documents/GitHub/detect_armor_robomaster/install/armor_interfaces/include/armor_interfaces/armor_interfaces/msg/detail
[2.831s] -- Installing: /home/luomo/Documents/GitHub/detect_armor_robomaster/install/armor_interfaces/include/armor_interfaces/armor_interfaces/msg/detail/armor_info__type_support.hpp
[2.831s] -- Installing: /home/luomo/Documents/GitHub/detect_armor_robomaster/install/armor_interfaces/include/armor_interfaces/armor_interfaces/msg/detail/armor_info__struct.hpp
[2.831s] -- Installing: /home/luomo/Documents/GitHub/detect_armor_robomaster/install/armor_interfaces/include/armor_interfaces/armor_interfaces/msg/detail/armor_info__traits.hpp
[2.831s] -- Installing: /home/luomo/Documents/GitHub/detect_armor_robomaster/install/armor_interfaces/include/armor_interfaces/armor_interfaces/msg/detail/armor_info__builder.hpp
[2.831s] -- Up-to-date: /home/luomo/Documents/GitHub/detect_armor_robomaster/install/armor_interfaces/include/armor_interfaces/armor_interfaces
[2.831s] -- Up-to-date: /home/luomo/Documents/GitHub/detect_armor_robomaster/install/armor_interfaces/include/armor_interfaces/armor_interfaces/msg
[2.832s] -- Installing: /home/luomo/Documents/GitHub/detect_armor_robomaster/install/armor_interfaces/include/armor_interfaces/armor_interfaces/msg/rosidl_typesupport_fastrtps_cpp__visibility_control.h
[2.832s] -- Up-to-date: /home/luomo/Documents/GitHub/detect_armor_robomaster/install/armor_interfaces/include/armor_interfaces/armor_interfaces/msg/detail
[2.832s] -- Installing: /home/luomo/Documents/GitHub/detect_armor_robomaster/install/armor_interfaces/include/armor_interfaces/armor_interfaces/msg/detail/dds_fastrtps
[2.832s] -- Installing: /home/luomo/Documents/GitHub/detect_armor_robomaster/install/armor_interfaces/include/armor_interfaces/armor_interfaces/msg/detail/armor_info__rosidl_typesupport_fastrtps_cpp.hpp
[2.832s] -- Installing: /home/luomo/Documents/GitHub/detect_armor_robomaster/install/armor_interfaces/lib/libarmor_interfaces__rosidl_typesupport_fastrtps_cpp.so
[2.832s] -- Set non-toolchain portion of runtime path of "/home/luomo/Documents/GitHub/detect_armor_robomaster/install/armor_interfaces/lib/libarmor_interfaces__rosidl_typesupport_fastrtps_cpp.so" to ""
[2.832s] -- Up-to-date: /home/luomo/Documents/GitHub/detect_armor_robomaster/install/armor_interfaces/include/armor_interfaces/armor_interfaces
[2.832s] -- Up-to-date: /home/luomo/Documents/GitHub/detect_armor_robomaster/install/armor_interfaces/include/armor_interfaces/armor_interfaces/msg
[2.832s] -- Up-to-date: /home/luomo/Documents/GitHub/detect_armor_robomaster/install/armor_interfaces/include/armor_interfaces/armor_interfaces/msg/detail
[2.832s] -- Installing: /home/luomo/Documents/GitHub/detect_armor_robomaster/install/armor_interfaces/include/armor_interfaces/armor_interfaces/msg/detail/armor_info__type_support.cpp
[2.832s] -- Installing: /home/luomo/Documents/GitHub/detect_armor_robomaster/install/armor_interfaces/include/armor_interfaces/armor_interfaces/msg/detail/armor_info__rosidl_typesupport_introspection_cpp.hpp
[2.832s] -- Installing: /home/luomo/Documents/GitHub/detect_armor_robomaster/install/armor_interfaces/lib/libarmor_interfaces__rosidl_typesupport_introspection_cpp.so
[2.832s] -- Set non-toolchain portion of runtime path of "/home/luomo/Documents/GitHub/detect_armor_robomaster/install/armor_interfaces/lib/libarmor_interfaces__rosidl_typesupport_introspection_cpp.so" to ""
[2.832s] -- Installing: /home/luomo/Documents/GitHub/detect_armor_robomaster/install/armor_interfaces/lib/libarmor_interfaces__rosidl_typesupport_cpp.so
[2.832s] -- Set non-toolchain portion of runtime path of "/home/luomo/Documents/GitHub/detect_armor_robomaster/install/armor_interfaces/lib/libarmor_interfaces__rosidl_typesupport_cpp.so" to ""
[2.832s] -- Installing: /home/luomo/Documents/GitHub/detect_armor_robomaster/install/armor_interfaces/share/armor_interfaces/environment/pythonpath.sh
[2.832s] -- Installing: /home/luomo/Documents/GitHub/detect_armor_robomaster/install/armor_interfaces/share/armor_interfaces/environment/pythonpath.dsv
[2.832s] -- Installing: /home/luomo/Documents/GitHub/detect_armor_robomaster/install/armor_interfaces/lib/python3.13/site-packages/armor_interfaces-0.0.0-py3.13.egg-info
[2.832s] -- Installing: /home/luomo/Documents/GitHub/detect_armor_robomaster/install/armor_interfaces/lib/python3.13/site-packages/armor_interfaces-0.0.0-py3.13.egg-info/top_level.txt
[2.832s] -- Installing: /home/luomo/Documents/GitHub/detect_armor_robomaster/install/armor_interfaces/lib/python3.13/site-packages/armor_interfaces-0.0.0-py3.13.egg-info/PKG-INFO
[2.832s] -- Installing: /home/luomo/Documents/GitHub/detect_armor_robomaster/install/armor_interfaces/lib/python3.13/site-packages/armor_interfaces-0.0.0-py3.13.egg-info/SOURCES.txt
[2.832s] -- Installing: /home/luomo/Documents/GitHub/detect_armor_robomaster/install/armor_interfaces/lib/python3.13/site-packages/armor_interfaces-0.0.0-py3.13.egg-info/dependency_links.txt
[2.832s] -- Installing: /home/luomo/Documents/GitHub/detect_armor_robomaster/install/armor_interfaces/lib/python3.13/site-packages/armor_interfaces
[2.833s] -- Installing: /home/luomo/Documents/GitHub/detect_armor_robomaster/install/armor_interfaces/lib/python3.13/site-packages/armor_interfaces/armor_interfaces_s__rosidl_typesupport_fastrtps_c.so
[2.833s] -- Installing: /home/luomo/Documents/GitHub/detect_armor_robomaster/install/armor_interfaces/lib/python3.13/site-packages/armor_interfaces/_armor_interfaces_s.ep.rosidl_typesupport_introspection_c.c
[2.833s] -- Installing: /home/luomo/Documents/GitHub/detect_armor_robomaster/install/armor_interfaces/lib/python3.13/site-packages/armor_interfaces/__init__.py
[2.833s] -- Installing: /home/luomo/Documents/GitHub/detect_armor_robomaster/install/armor_interfaces/lib/python3.13/site-packages/armor_interfaces/armor_interfaces_s__rosidl_typesupport_c.so
[2.833s] -- Installing: /home/luomo/Documents/GitHub/detect_armor_robomaster/install/armor_interfaces/lib/python3.13/site-packages/armor_interfaces/msg
[2.833s] -- Installing: /home/luomo/Documents/GitHub/detect_armor_robomaster/install/armor_interfaces/lib/python3.13/site-packages/armor_interfaces/msg/__init__.py
[2.833s] -- Installing: /home/luomo/Documents/GitHub/detect_armor_robomaster/install/armor_interfaces/lib/python3.13/site-packages/armor_interfaces/msg/_armor_info_s.c
[2.833s] -- Installing: /home/luomo/Documents/GitHub/detect_armor_robomaster/install/armor_interfaces/lib/python3.13/site-packages/armor_interfaces/msg/_armor_info.py
[2.833s] -- Installing: /home/luomo/Documents/GitHub/detect_armor_robomaster/install/armor_interfaces/lib/python3.13/site-packages/armor_interfaces/_armor_interfaces_s.ep.rosidl_typesupport_fastrtps_c.c
[2.833s] -- Installing: /home/luomo/Documents/GitHub/detect_armor_robomaster/install/armor_interfaces/lib/python3.13/site-packages/armor_interfaces/_armor_interfaces_s.ep.rosidl_typesupport_c.c
[2.833s] -- Installing: /home/luomo/Documents/GitHub/detect_armor_robomaster/install/armor_interfaces/lib/python3.13/site-packages/armor_interfaces/armor_interfaces_s__rosidl_typesupport_introspection_c.so
[2.853s] Listing '/home/luomo/Documents/GitHub/detect_armor_robomaster/install/armor_interfaces/lib/python3.13/site-packages/armor_interfaces'...
[2.853s] Compiling '/home/luomo/Documents/GitHub/detect_armor_robomaster/install/armor_interfaces/lib/python3.13/site-packages/armor_interfaces/__init__.py'...
[2.853s] Listing '/home/luomo/Documents/GitHub/detect_armor_robomaster/install/armor_interfaces/lib/python3.13/site-packages/armor_interfaces/msg'...
[2.853s] Compiling '/home/luomo/Documents/GitHub/detect_armor_robomaster/install/armor_interfaces/lib/python3.13/site-packages/armor_interfaces/msg/__init__.py'...
[2.853s] Compiling '/home/luomo/Documents/GitHub/detect_armor_robomaster/install/armor_interfaces/lib/python3.13/site-packages/armor_interfaces/msg/_armor_info.py'...
[2.856s] -- Installing: /home/luomo/Documents/GitHub/detect_armor_robomaster/install/armor_interfaces/lib/python3.13/site-packages/armor_interfaces/armor_interfaces_s__rosidl_typesupport_fastrtps_c.so
[2.857s] -- Set non-toolchain portion of runtime path of "/home/luomo/Documents/GitHub/detect_armor_robomaster/install/armor_interfaces/lib/python3.13/site-packages/armor_interfaces/armor_interfaces_s__rosidl_typesupport_fastrtps_c.so" to ""
[2.857s] -- Installing: /home/luomo/Documents/GitHub/detect_armor_robomaster/install/armor_interfaces/lib/python3.13/site-packages/armor_interfaces/armor_interfaces_s__rosidl_typesupport_introspection_c.so
[2.857s] -- Set non-toolchain portion of runtime path of "/home/luomo/Documents/GitHub/detect_armor_robomaster/install/armor_interfaces/lib/python3.13/site-packages/armor_interfaces/armor_interfaces_s__rosidl_typesupport_introspection_c.so" to ""
[2.857s] -- Installing: /home/luomo/Documents/GitHub/detect_armor_robomaster/install/armor_interfaces/lib/python3.13/site-packages/armor_interfaces/armor_interfaces_s__rosidl_typesupport_c.so
[2.857s] -- Set non-toolchain portion of runtime path of "/home/luomo/Documents/GitHub/detect_armor_robomaster/install/armor_interfaces/lib/python3.13/site-packages/armor_interfaces/armor_interfaces_s__rosidl_typesupport_c.so" to ""
[2.857s] -- Installing: /home/luomo/Documents/GitHub/detect_armor_robomaster/install/armor_interfaces/lib/libarmor_interfaces__rosidl_generator_py.so
[2.857s] -- Set non-toolchain portion of runtime path of "/home/luomo/Documents/GitHub/detect_armor_robomaster/install/armor_interfaces/lib/libarmor_interfaces__rosidl_generator_py.so" to ""
[2.857s] -- Installing: /home/luomo/Documents/GitHub/detect_armor_robomaster/install/armor_interfaces/share/armor_interfaces/msg/ArmorInfo.idl
[2.857s] -- Installing: /home/luomo/Documents/GitHub/detect_armor_robomaster/install/armor_interfaces/share/armor_interfaces/msg/ArmorInfo.msg
[2.857s] -- Installing: /home/luomo/Documents/GitHub/detect_armor_robomaster/install/armor_interfaces/share/ament_index/resource_index/package_run_dependencies/armor_interfaces
[2.857s] -- Installing: /home/luomo/Documents/GitHub/detect_armor_robomaster/install/armor_interfaces/share/ament_index/resource_index/parent_prefix_path/armor_interfaces
[2.857s] -- Installing: /home/luomo/Documents/GitHub/detect_armor_robomaster/install/armor_interfaces/share/armor_interfaces/environment/ament_prefix_path.sh
[2.857s] -- Installing: /home/luomo/Documents/GitHub/detect_armor_robomaster/install/armor_interfaces/share/armor_interfaces/environment/ament_prefix_path.dsv
[2.858s] -- Installing: /home/luomo/Documents/GitHub/detect_armor_robomaster/install/armor_interfaces/share/armor_interfaces/environment/path.sh
[2.858s] -- Installing: /home/luomo/Documents/GitHub/detect_armor_robomaster/install/armor_interfaces/share/armor_interfaces/environment/path.dsv
[2.858s] -- Installing: /home/luomo/Documents/GitHub/detect_armor_robomaster/install/armor_interfaces/share/armor_interfaces/local_setup.bash
[2.858s] -- Installing: /home/luomo/Documents/GitHub/detect_armor_robomaster/install/armor_interfaces/share/armor_interfaces/local_setup.sh
[2.858s] -- Installing: /home/luomo/Documents/GitHub/detect_armor_robomaster/install/armor_interfaces/share/armor_interfaces/local_setup.zsh
[2.858s] -- Installing: /home/luomo/Documents/GitHub/detect_armor_robomaster/install/armor_interfaces/share/armor_interfaces/local_setup.dsv
[2.858s] -- Installing: /home/luomo/Documents/GitHub/detect_armor_robomaster/install/armor_interfaces/share/armor_interfaces/package.dsv
[2.858s] -- Installing: /home/luomo/Documents/GitHub/detect_armor_robomaster/install/armor_interfaces/share/ament_index/resource_index/packages/armor_interfaces
[2.858s] -- Installing: /home/luomo/Documents/GitHub/detect_armor_robomaster/install/armor_interfaces/share/armor_interfaces/cmake/export_armor_interfaces__rosidl_generator_cExport.cmake
[2.858s] -- Installing: /home/luomo/Documents/GitHub/detect_armor_robomaster/install/armor_interfaces/share/armor_interfaces/cmake/export_armor_interfaces__rosidl_generator_cExport-noconfig.cmake
[2.858s] -- Installing: /home/luomo/Documents/GitHub/detect_armor_robomaster/install/armor_interfaces/share/armor_interfaces/cmake/export_armor_interfaces__rosidl_typesupport_fastrtps_cExport.cmake
[2.858s] -- Installing: /home/luomo/Documents/GitHub/detect_armor_robomaster/install/armor_interfaces/share/armor_interfaces/cmake/export_armor_interfaces__rosidl_typesupport_fastrtps_cExport-noconfig.cmake
[2.858s] -- Installing: /home/luomo/Documents/GitHub/detect_armor_robomaster/install/armor_interfaces/share/armor_interfaces/cmake/armor_interfaces__rosidl_typesupport_introspection_cExport.cmake
[2.858s] -- Installing: /home/luomo/Documents/GitHub/detect_armor_robomaster/install/armor_interfaces/share/armor_interfaces/cmake/armor_interfaces__rosidl_typesupport_introspection_cExport-noconfig.cmake
[2.858s] -- Installing: /home/luomo/Documents/GitHub/detect_armor_robomaster/install/armor_interfaces/share/armor_interfaces/cmake/armor_interfaces__rosidl_typesupport_cExport.cmake
[2.858s] -- Installing: /home/luomo/Documents/GitHub/detect_armor_robomaster/install/armor_interfaces/share/armor_interfaces/cmake/armor_interfaces__rosidl_typesupport_cExport-noconfig.cmake
[2.858s] -- Installing: /home/luomo/Documents/GitHub/detect_armor_robomaster/install/armor_interfaces/share/armor_interfaces/cmake/export_armor_interfaces__rosidl_generator_cppExport.cmake
[2.858s] -- Installing: /home/luomo/Documents/GitHub/detect_armor_robomaster/install/armor_interfaces/share/armor_interfaces/cmake/export_armor_interfaces__rosidl_typesupport_fastrtps_cppExport.cmake
[2.859s] -- Installing: /home/luomo/Documents/GitHub/detect_armor_robomaster/install/armor_interfaces/share/armor_interfaces/cmake/export_armor_interfaces__rosidl_typesupport_fastrtps_cppExport-noconfig.cmake
[2.859s] -- Installing: /home/luomo/Documents/GitHub/detect_armor_robomaster/install/armor_interfaces/share/armor_interfaces/cmake/armor_interfaces__rosidl_typesupport_introspection_cppExport.cmake
[2.859s] -- Installing: /home/luomo/Documents/GitHub/detect_armor_robomaster/install/armor_interfaces/share/armor_interfaces/cmake/armor_interfaces__rosidl_typesupport_introspection_cppExport-noconfig.cmake
[2.859s] -- Installing: /home/luomo/Documents/GitHub/detect_armor_robomaster/install/armor_interfaces/share/armor_interfaces/cmake/armor_interfaces__rosidl_typesupport_cppExport.cmake
[2.859s] -- Installing: /home/luomo/Documents/GitHub/detect_armor_robomaster/install/armor_interfaces/share/armor_interfaces/cmake/armor_interfaces__rosidl_typesupport_cppExport-noconfig.cmake
[2.859s] -- Installing: /home/luomo/Documents/GitHub/detect_armor_robomaster/install/armor_interfaces/share/armor_interfaces/cmake/export_armor_interfaces__rosidl_generator_pyExport.cmake
[2.859s] -- Installing: /home/luomo/Documents/GitHub/detect_armor_robomaster/install/armor_interfaces/share/armor_interfaces/cmake/export_armor_interfaces__rosidl_generator_pyExport-noconfig.cmake
[2.859s] -- Installing: /home/luomo/Documents/GitHub/detect_armor_robomaster/install/armor_interfaces/share/armor_interfaces/cmake/rosidl_cmake-extras.cmake
[2.859s] -- Installing: /home/luomo/Documents/GitHub/detect_armor_robomaster/install/armor_interfaces/share/armor_interfaces/cmake/ament_cmake_export_include_directories-extras.cmake
[2.859s] -- Installing: /home/luomo/Documents/GitHub/detect_armor_robomaster/install/armor_interfaces/share/armor_interfaces/cmake/ament_cmake_export_libraries-extras.cmake
[2.859s] -- Installing: /home/luomo/Documents/GitHub/detect_armor_robomaster/install/armor_interfaces/share/armor_interfaces/cmake/ament_cmake_export_targets-extras.cmake
[2.859s] -- Installing: /home/luomo/Documents/GitHub/detect_armor_robomaster/install/armor_interfaces/share/armor_interfaces/cmake/rosidl_cmake_export_typesupport_targets-extras.cmake
[2.859s] -- Installing: /home/luomo/Documents/GitHub/detect_armor_robomaster/install/armor_interfaces/share/armor_interfaces/cmake/ament_cmake_export_dependencies-extras.cmake
[2.859s] -- Installing: /home/luomo/Documents/GitHub/detect_armor_robomaster/install/armor_interfaces/share/armor_interfaces/cmake/rosidl_cmake_export_typesupport_libraries-extras.cmake
[2.859s] -- Installing: /home/luomo/Documents/GitHub/detect_armor_robomaster/install/armor_interfaces/share/armor_interfaces/cmake/armor_interfacesConfig.cmake
[2.859s] -- Installing: /home/luomo/Documents/GitHub/detect_armor_robomaster/install/armor_interfaces/share/armor_interfaces/cmake/armor_interfacesConfig-version.cmake
[2.859s] -- Installing: /home/luomo/Documents/GitHub/detect_armor_robomaster/install/armor_interfaces/share/armor_interfaces/package.xml
[2.861s] Invoked command in '/home/luomo/Documents/GitHub/detect_armor_robomaster/build/armor_interfaces' returned '0': CMAKE_PREFIX_PATH=${CMAKE_PREFIX_PATH}:/opt/ros/jazzy CONDA_PROMPT_MODIFIER=(base) DEBUGINFOD_URLS=https://debuginfod.ubuntu.com /usr/bin/cmake --install /home/luomo/Documents/GitHub/detect_armor_robomaster/build/armor_interfaces
