[0.110s] DEBUG:colcon:Command line arguments: ['/usr/bin/colcon', 'build']
[0.110s] DEBUG:colcon:Parsed command line arguments: Namespace(log_base=None, log_level=None, verb_name='build', build_base='build', install_base='install', merge_install=False, symlink_install=False, test_result_base=None, continue_on_error=False, executor='parallel', parallel_workers=20, event_handlers=None, ignore_user_meta=False, metas=['./colcon.meta'], base_paths=['.'], packages_ignore=None, packages_ignore_regex=None, paths=None, packages_up_to=None, packages_up_to_regex=None, packages_above=None, packages_above_and_dependencies=None, packages_above_depth=None, packages_select_by_dep=None, packages_skip_by_dep=None, packages_skip_up_to=None, packages_select_build_failed=False, packages_skip_build_finished=False, packages_select_test_failures=False, packages_skip_test_passed=False, packages_select=None, packages_skip=None, packages_select_regex=None, packages_skip_regex=None, packages_start=None, packages_end=None, allow_overriding=[], cmake_args=None, cmake_target=None, cmake_target_skip_unavailable=False, cmake_clean_cache=False, cmake_clean_first=False, cmake_force_configure=False, ament_cmake_args=None, catkin_cmake_args=None, catkin_skip_building_tests=False, verb_parser=<colcon_defaults.argument_parser.defaults.DefaultArgumentsDecorator object at 0x77d0a145f3e0>, verb_extension=<colcon_core.verb.build.BuildVerb object at 0x77d0a23e7cb0>, main=<bound method BuildVerb.main of <colcon_core.verb.build.BuildVerb object at 0x77d0a23e7cb0>>)
[0.143s] Level 1:colcon.colcon_core.package_discovery:discover_packages(colcon_meta) check parameters
[0.143s] Level 1:colcon.colcon_core.package_discovery:discover_packages(recursive) check parameters
[0.143s] Level 1:colcon.colcon_core.package_discovery:discover_packages(ignore) check parameters
[0.143s] Level 1:colcon.colcon_core.package_discovery:discover_packages(path) check parameters
[0.143s] Level 1:colcon.colcon_core.package_discovery:discover_packages(colcon_meta) discover
[0.143s] Level 1:colcon.colcon_core.package_discovery:discover_packages(recursive) discover
[0.143s] INFO:colcon.colcon_core.package_discovery:Crawling recursively for packages in '/home/luomo/Documents/GitHub/detect_armor_robomaster'
[0.143s] Level 1:colcon.colcon_core.package_identification:_identify(.) by extensions ['ignore', 'ignore_ament_install']
[0.143s] Level 1:colcon.colcon_core.package_identification:_identify(.) by extension 'ignore'
[0.143s] Level 1:colcon.colcon_core.package_identification:_identify(.) by extension 'ignore_ament_install'
[0.143s] Level 1:colcon.colcon_core.package_identification:_identify(.) by extensions ['colcon_pkg']
[0.143s] Level 1:colcon.colcon_core.package_identification:_identify(.) by extension 'colcon_pkg'
[0.143s] Level 1:colcon.colcon_core.package_identification:_identify(.) by extensions ['colcon_meta']
[0.143s] Level 1:colcon.colcon_core.package_identification:_identify(.) by extension 'colcon_meta'
[0.143s] Level 1:colcon.colcon_core.package_identification:_identify(.) by extensions ['ros']
[0.143s] Level 1:colcon.colcon_core.package_identification:_identify(.) by extension 'ros'
[0.161s] Level 1:colcon.colcon_core.package_identification:_identify(.) by extensions ['cmake', 'python']
[0.161s] Level 1:colcon.colcon_core.package_identification:_identify(.) by extension 'cmake'
[0.161s] Level 1:colcon.colcon_core.package_identification:_identify(.) by extension 'python'
[0.161s] Level 1:colcon.colcon_core.package_identification:_identify(.) by extensions ['python_setup_py']
[0.161s] Level 1:colcon.colcon_core.package_identification:_identify(.) by extension 'python_setup_py'
[0.161s] Level 1:colcon.colcon_core.package_identification:_identify(build) by extensions ['ignore', 'ignore_ament_install']
[0.161s] Level 1:colcon.colcon_core.package_identification:_identify(build) by extension 'ignore'
[0.161s] Level 1:colcon.colcon_core.package_identification:_identify(build) ignored
[0.161s] Level 1:colcon.colcon_core.package_identification:_identify(docs) by extensions ['ignore', 'ignore_ament_install']
[0.161s] Level 1:colcon.colcon_core.package_identification:_identify(docs) by extension 'ignore'
[0.161s] Level 1:colcon.colcon_core.package_identification:_identify(docs) by extension 'ignore_ament_install'
[0.161s] Level 1:colcon.colcon_core.package_identification:_identify(docs) by extensions ['colcon_pkg']
[0.161s] Level 1:colcon.colcon_core.package_identification:_identify(docs) by extension 'colcon_pkg'
[0.161s] Level 1:colcon.colcon_core.package_identification:_identify(docs) by extensions ['colcon_meta']
[0.161s] Level 1:colcon.colcon_core.package_identification:_identify(docs) by extension 'colcon_meta'
[0.161s] Level 1:colcon.colcon_core.package_identification:_identify(docs) by extensions ['ros']
[0.161s] Level 1:colcon.colcon_core.package_identification:_identify(docs) by extension 'ros'
[0.161s] Level 1:colcon.colcon_core.package_identification:_identify(docs) by extensions ['cmake', 'python']
[0.161s] Level 1:colcon.colcon_core.package_identification:_identify(docs) by extension 'cmake'
[0.161s] Level 1:colcon.colcon_core.package_identification:_identify(docs) by extension 'python'
[0.161s] Level 1:colcon.colcon_core.package_identification:_identify(docs) by extensions ['python_setup_py']
[0.161s] Level 1:colcon.colcon_core.package_identification:_identify(docs) by extension 'python_setup_py'
[0.161s] Level 1:colcon.colcon_core.package_identification:_identify(install) by extensions ['ignore', 'ignore_ament_install']
[0.161s] Level 1:colcon.colcon_core.package_identification:_identify(install) by extension 'ignore'
[0.161s] Level 1:colcon.colcon_core.package_identification:_identify(install) ignored
[0.161s] Level 1:colcon.colcon_core.package_identification:_identify(log) by extensions ['ignore', 'ignore_ament_install']
[0.161s] Level 1:colcon.colcon_core.package_identification:_identify(log) by extension 'ignore'
[0.161s] Level 1:colcon.colcon_core.package_identification:_identify(log) ignored
[0.162s] Level 1:colcon.colcon_core.package_identification:_identify(src) by extensions ['ignore', 'ignore_ament_install']
[0.162s] Level 1:colcon.colcon_core.package_identification:_identify(src) by extension 'ignore'
[0.162s] Level 1:colcon.colcon_core.package_identification:_identify(src) by extension 'ignore_ament_install'
[0.162s] Level 1:colcon.colcon_core.package_identification:_identify(src) by extensions ['colcon_pkg']
[0.162s] Level 1:colcon.colcon_core.package_identification:_identify(src) by extension 'colcon_pkg'
[0.162s] Level 1:colcon.colcon_core.package_identification:_identify(src) by extensions ['colcon_meta']
[0.162s] Level 1:colcon.colcon_core.package_identification:_identify(src) by extension 'colcon_meta'
[0.162s] Level 1:colcon.colcon_core.package_identification:_identify(src) by extensions ['ros']
[0.162s] Level 1:colcon.colcon_core.package_identification:_identify(src) by extension 'ros'
[0.162s] Level 1:colcon.colcon_core.package_identification:_identify(src) by extensions ['cmake', 'python']
[0.162s] Level 1:colcon.colcon_core.package_identification:_identify(src) by extension 'cmake'
[0.162s] Level 1:colcon.colcon_core.package_identification:_identify(src) by extension 'python'
[0.162s] Level 1:colcon.colcon_core.package_identification:_identify(src) by extensions ['python_setup_py']
[0.162s] Level 1:colcon.colcon_core.package_identification:_identify(src) by extension 'python_setup_py'
[0.162s] Level 1:colcon.colcon_core.package_identification:_identify(src/armor_info_subscriber) by extensions ['ignore', 'ignore_ament_install']
[0.162s] Level 1:colcon.colcon_core.package_identification:_identify(src/armor_info_subscriber) by extension 'ignore'
[0.162s] Level 1:colcon.colcon_core.package_identification:_identify(src/armor_info_subscriber) by extension 'ignore_ament_install'
[0.162s] Level 1:colcon.colcon_core.package_identification:_identify(src/armor_info_subscriber) by extensions ['colcon_pkg']
[0.162s] Level 1:colcon.colcon_core.package_identification:_identify(src/armor_info_subscriber) by extension 'colcon_pkg'
[0.162s] Level 1:colcon.colcon_core.package_identification:_identify(src/armor_info_subscriber) by extensions ['colcon_meta']
[0.162s] Level 1:colcon.colcon_core.package_identification:_identify(src/armor_info_subscriber) by extension 'colcon_meta'
[0.162s] Level 1:colcon.colcon_core.package_identification:_identify(src/armor_info_subscriber) by extensions ['ros']
[0.162s] Level 1:colcon.colcon_core.package_identification:_identify(src/armor_info_subscriber) by extension 'ros'
[0.164s] DEBUG:colcon.colcon_core.package_identification:Package 'src/armor_info_subscriber' with type 'ros.ament_cmake' and name 'armor_info_subscriber'
[0.164s] Level 1:colcon.colcon_core.package_identification:_identify(src/armor_interfaces) by extensions ['ignore', 'ignore_ament_install']
[0.164s] Level 1:colcon.colcon_core.package_identification:_identify(src/armor_interfaces) by extension 'ignore'
[0.164s] Level 1:colcon.colcon_core.package_identification:_identify(src/armor_interfaces) by extension 'ignore_ament_install'
[0.165s] Level 1:colcon.colcon_core.package_identification:_identify(src/armor_interfaces) by extensions ['colcon_pkg']
[0.165s] Level 1:colcon.colcon_core.package_identification:_identify(src/armor_interfaces) by extension 'colcon_pkg'
[0.165s] Level 1:colcon.colcon_core.package_identification:_identify(src/armor_interfaces) by extensions ['colcon_meta']
[0.165s] Level 1:colcon.colcon_core.package_identification:_identify(src/armor_interfaces) by extension 'colcon_meta'
[0.165s] Level 1:colcon.colcon_core.package_identification:_identify(src/armor_interfaces) by extensions ['ros']
[0.165s] Level 1:colcon.colcon_core.package_identification:_identify(src/armor_interfaces) by extension 'ros'
[0.165s] DEBUG:colcon.colcon_core.package_identification:Package 'src/armor_interfaces' with type 'ros.ament_cmake' and name 'armor_interfaces'
[0.165s] Level 1:colcon.colcon_core.package_identification:_identify(src/armor_tracker_ros2) by extensions ['ignore', 'ignore_ament_install']
[0.165s] Level 1:colcon.colcon_core.package_identification:_identify(src/armor_tracker_ros2) by extension 'ignore'
[0.166s] Level 1:colcon.colcon_core.package_identification:_identify(src/armor_tracker_ros2) by extension 'ignore_ament_install'
[0.166s] Level 1:colcon.colcon_core.package_identification:_identify(src/armor_tracker_ros2) by extensions ['colcon_pkg']
[0.166s] Level 1:colcon.colcon_core.package_identification:_identify(src/armor_tracker_ros2) by extension 'colcon_pkg'
[0.166s] Level 1:colcon.colcon_core.package_identification:_identify(src/armor_tracker_ros2) by extensions ['colcon_meta']
[0.166s] Level 1:colcon.colcon_core.package_identification:_identify(src/armor_tracker_ros2) by extension 'colcon_meta'
[0.166s] Level 1:colcon.colcon_core.package_identification:_identify(src/armor_tracker_ros2) by extensions ['ros']
[0.166s] Level 1:colcon.colcon_core.package_identification:_identify(src/armor_tracker_ros2) by extension 'ros'
[0.166s] DEBUG:colcon.colcon_core.package_identification:Package 'src/armor_tracker_ros2' with type 'ros.ament_cmake' and name 'armor_tracker_ros2'
[0.166s] Level 1:colcon.colcon_core.package_discovery:discover_packages(recursive) using defaults
[0.166s] Level 1:colcon.colcon_core.package_discovery:discover_packages(ignore) discover
[0.166s] Level 1:colcon.colcon_core.package_discovery:discover_packages(ignore) using defaults
[0.166s] Level 1:colcon.colcon_core.package_discovery:discover_packages(path) discover
[0.167s] Level 1:colcon.colcon_core.package_discovery:discover_packages(path) using defaults
[0.183s] Level 1:colcon.colcon_core.package_discovery:discover_packages(prefix_path) check parameters
[0.183s] Level 1:colcon.colcon_core.package_discovery:discover_packages(prefix_path) discover
[0.185s] DEBUG:colcon.colcon_installed_package_information.package_discovery:Found 2 installed packages in /home/luomo/Documents/GitHub/ros2-learning-note/ros2/lesson1/helloworld/install
[0.186s] DEBUG:colcon.colcon_installed_package_information.package_discovery:Found 289 installed packages in /opt/ros/jazzy
[0.186s] Level 1:colcon.colcon_core.package_discovery:discover_packages(prefix_path) using defaults
[0.206s] Level 5:colcon.colcon_core.verb:set package 'armor_interfaces' build argument 'cmake_args' from command line to 'None'
[0.206s] Level 5:colcon.colcon_core.verb:set package 'armor_interfaces' build argument 'cmake_target' from command line to 'None'
[0.207s] Level 5:colcon.colcon_core.verb:set package 'armor_interfaces' build argument 'cmake_target_skip_unavailable' from command line to 'False'
[0.207s] Level 5:colcon.colcon_core.verb:set package 'armor_interfaces' build argument 'cmake_clean_cache' from command line to 'False'
[0.207s] Level 5:colcon.colcon_core.verb:set package 'armor_interfaces' build argument 'cmake_clean_first' from command line to 'False'
[0.207s] Level 5:colcon.colcon_core.verb:set package 'armor_interfaces' build argument 'cmake_force_configure' from command line to 'False'
[0.207s] Level 5:colcon.colcon_core.verb:set package 'armor_interfaces' build argument 'ament_cmake_args' from command line to 'None'
[0.207s] Level 5:colcon.colcon_core.verb:set package 'armor_interfaces' build argument 'catkin_cmake_args' from command line to 'None'
[0.207s] Level 5:colcon.colcon_core.verb:set package 'armor_interfaces' build argument 'catkin_skip_building_tests' from command line to 'False'
[0.207s] DEBUG:colcon.colcon_core.verb:Building package 'armor_interfaces' with the following arguments: {'ament_cmake_args': None, 'build_base': '/home/luomo/Documents/GitHub/detect_armor_robomaster/build/armor_interfaces', 'catkin_cmake_args': None, 'catkin_skip_building_tests': False, 'cmake_args': None, 'cmake_clean_cache': False, 'cmake_clean_first': False, 'cmake_force_configure': False, 'cmake_target': None, 'cmake_target_skip_unavailable': False, 'install_base': '/home/luomo/Documents/GitHub/detect_armor_robomaster/install/armor_interfaces', 'merge_install': False, 'path': '/home/luomo/Documents/GitHub/detect_armor_robomaster/src/armor_interfaces', 'symlink_install': False, 'test_result_base': None}
[0.207s] Level 5:colcon.colcon_core.verb:set package 'armor_info_subscriber' build argument 'cmake_args' from command line to 'None'
[0.207s] Level 5:colcon.colcon_core.verb:set package 'armor_info_subscriber' build argument 'cmake_target' from command line to 'None'
[0.207s] Level 5:colcon.colcon_core.verb:set package 'armor_info_subscriber' build argument 'cmake_target_skip_unavailable' from command line to 'False'
[0.207s] Level 5:colcon.colcon_core.verb:set package 'armor_info_subscriber' build argument 'cmake_clean_cache' from command line to 'False'
[0.207s] Level 5:colcon.colcon_core.verb:set package 'armor_info_subscriber' build argument 'cmake_clean_first' from command line to 'False'
[0.207s] Level 5:colcon.colcon_core.verb:set package 'armor_info_subscriber' build argument 'cmake_force_configure' from command line to 'False'
[0.207s] Level 5:colcon.colcon_core.verb:set package 'armor_info_subscriber' build argument 'ament_cmake_args' from command line to 'None'
[0.207s] Level 5:colcon.colcon_core.verb:set package 'armor_info_subscriber' build argument 'catkin_cmake_args' from command line to 'None'
[0.207s] Level 5:colcon.colcon_core.verb:set package 'armor_info_subscriber' build argument 'catkin_skip_building_tests' from command line to 'False'
[0.207s] DEBUG:colcon.colcon_core.verb:Building package 'armor_info_subscriber' with the following arguments: {'ament_cmake_args': None, 'build_base': '/home/luomo/Documents/GitHub/detect_armor_robomaster/build/armor_info_subscriber', 'catkin_cmake_args': None, 'catkin_skip_building_tests': False, 'cmake_args': None, 'cmake_clean_cache': False, 'cmake_clean_first': False, 'cmake_force_configure': False, 'cmake_target': None, 'cmake_target_skip_unavailable': False, 'install_base': '/home/luomo/Documents/GitHub/detect_armor_robomaster/install/armor_info_subscriber', 'merge_install': False, 'path': '/home/luomo/Documents/GitHub/detect_armor_robomaster/src/armor_info_subscriber', 'symlink_install': False, 'test_result_base': None}
[0.207s] Level 5:colcon.colcon_core.verb:set package 'armor_tracker_ros2' build argument 'cmake_args' from command line to 'None'
[0.207s] Level 5:colcon.colcon_core.verb:set package 'armor_tracker_ros2' build argument 'cmake_target' from command line to 'None'
[0.207s] Level 5:colcon.colcon_core.verb:set package 'armor_tracker_ros2' build argument 'cmake_target_skip_unavailable' from command line to 'False'
[0.207s] Level 5:colcon.colcon_core.verb:set package 'armor_tracker_ros2' build argument 'cmake_clean_cache' from command line to 'False'
[0.207s] Level 5:colcon.colcon_core.verb:set package 'armor_tracker_ros2' build argument 'cmake_clean_first' from command line to 'False'
[0.207s] Level 5:colcon.colcon_core.verb:set package 'armor_tracker_ros2' build argument 'cmake_force_configure' from command line to 'False'
[0.207s] Level 5:colcon.colcon_core.verb:set package 'armor_tracker_ros2' build argument 'ament_cmake_args' from command line to 'None'
[0.207s] Level 5:colcon.colcon_core.verb:set package 'armor_tracker_ros2' build argument 'catkin_cmake_args' from command line to 'None'
[0.207s] Level 5:colcon.colcon_core.verb:set package 'armor_tracker_ros2' build argument 'catkin_skip_building_tests' from command line to 'False'
[0.207s] DEBUG:colcon.colcon_core.verb:Building package 'armor_tracker_ros2' with the following arguments: {'ament_cmake_args': None, 'build_base': '/home/luomo/Documents/GitHub/detect_armor_robomaster/build/armor_tracker_ros2', 'catkin_cmake_args': None, 'catkin_skip_building_tests': False, 'cmake_args': None, 'cmake_clean_cache': False, 'cmake_clean_first': False, 'cmake_force_configure': False, 'cmake_target': None, 'cmake_target_skip_unavailable': False, 'install_base': '/home/luomo/Documents/GitHub/detect_armor_robomaster/install/armor_tracker_ros2', 'merge_install': False, 'path': '/home/luomo/Documents/GitHub/detect_armor_robomaster/src/armor_tracker_ros2', 'symlink_install': False, 'test_result_base': None}
[0.207s] INFO:colcon.colcon_core.executor:Executing jobs using 'parallel' executor
[0.207s] DEBUG:colcon.colcon_parallel_executor.executor.parallel:run_until_complete
[0.208s] INFO:colcon.colcon_ros.task.ament_cmake.build:Building ROS package in '/home/luomo/Documents/GitHub/detect_armor_robomaster/src/armor_interfaces' with build type 'ament_cmake'
[0.208s] INFO:colcon.colcon_cmake.task.cmake.build:Building CMake package in '/home/luomo/Documents/GitHub/detect_armor_robomaster/src/armor_interfaces'
[0.211s] INFO:colcon.colcon_core.plugin_system:Skipping extension 'colcon_core.shell.bat': Not used on non-Windows systems
[0.211s] INFO:colcon.colcon_core.shell:Skip shell extension 'powershell' for command environment: Not usable outside of PowerShell
[0.211s] DEBUG:colcon.colcon_core.shell:Skip shell extension 'dsv' for command environment
[0.214s] DEBUG:colcon.colcon_core.event_handler.log_command:Invoking command in '/home/luomo/Documents/GitHub/detect_armor_robomaster/build/armor_interfaces': CMAKE_PREFIX_PATH=${CMAKE_PREFIX_PATH}:/opt/ros/jazzy CONDA_PROMPT_MODIFIER=(base) DEBUGINFOD_URLS=https://debuginfod.ubuntu.com /usr/bin/cmake /home/luomo/Documents/GitHub/detect_armor_robomaster/src/armor_interfaces -DCMAKE_INSTALL_PREFIX=/home/luomo/Documents/GitHub/detect_armor_robomaster/install/armor_interfaces
[1.992s] DEBUG:colcon.colcon_core.event_handler.log_command:Invoked command in '/home/luomo/Documents/GitHub/detect_armor_robomaster/build/armor_interfaces' returned '0': CMAKE_PREFIX_PATH=${CMAKE_PREFIX_PATH}:/opt/ros/jazzy CONDA_PROMPT_MODIFIER=(base) DEBUGINFOD_URLS=https://debuginfod.ubuntu.com /usr/bin/cmake /home/luomo/Documents/GitHub/detect_armor_robomaster/src/armor_interfaces -DCMAKE_INSTALL_PREFIX=/home/luomo/Documents/GitHub/detect_armor_robomaster/install/armor_interfaces
[1.993s] DEBUG:colcon.colcon_core.event_handler.log_command:Invoking command in '/home/luomo/Documents/GitHub/detect_armor_robomaster/build/armor_interfaces': CMAKE_PREFIX_PATH=${CMAKE_PREFIX_PATH}:/opt/ros/jazzy CONDA_PROMPT_MODIFIER=(base) DEBUGINFOD_URLS=https://debuginfod.ubuntu.com /usr/bin/cmake --build /home/luomo/Documents/GitHub/detect_armor_robomaster/build/armor_interfaces -- -j20 -l20
[3.027s] DEBUG:colcon.colcon_core.event_handler.log_command:Invoked command in '/home/luomo/Documents/GitHub/detect_armor_robomaster/build/armor_interfaces' returned '0': CMAKE_PREFIX_PATH=${CMAKE_PREFIX_PATH}:/opt/ros/jazzy CONDA_PROMPT_MODIFIER=(base) DEBUGINFOD_URLS=https://debuginfod.ubuntu.com /usr/bin/cmake --build /home/luomo/Documents/GitHub/detect_armor_robomaster/build/armor_interfaces -- -j20 -l20
[3.033s] DEBUG:colcon.colcon_core.event_handler.log_command:Invoking command in '/home/luomo/Documents/GitHub/detect_armor_robomaster/build/armor_interfaces': CMAKE_PREFIX_PATH=${CMAKE_PREFIX_PATH}:/opt/ros/jazzy CONDA_PROMPT_MODIFIER=(base) DEBUGINFOD_URLS=https://debuginfod.ubuntu.com /usr/bin/cmake --install /home/luomo/Documents/GitHub/detect_armor_robomaster/build/armor_interfaces
[3.069s] Level 1:colcon.colcon_core.environment:create_environment_scripts_only(armor_interfaces)
[3.069s] DEBUG:colcon.colcon_core.event_handler.log_command:Invoked command in '/home/luomo/Documents/GitHub/detect_armor_robomaster/build/armor_interfaces' returned '0': CMAKE_PREFIX_PATH=${CMAKE_PREFIX_PATH}:/opt/ros/jazzy CONDA_PROMPT_MODIFIER=(base) DEBUGINFOD_URLS=https://debuginfod.ubuntu.com /usr/bin/cmake --install /home/luomo/Documents/GitHub/detect_armor_robomaster/build/armor_interfaces
[3.070s] Level 1:colcon.colcon_core.environment:checking '/home/luomo/Documents/GitHub/detect_armor_robomaster/install/armor_interfaces' for CMake module files
[3.071s] Level 1:colcon.colcon_core.environment:checking '/home/luomo/Documents/GitHub/detect_armor_robomaster/install/armor_interfaces' for CMake config files
[3.071s] Level 1:colcon.colcon_core.shell:create_environment_hook('armor_interfaces', 'cmake_prefix_path')
[3.071s] INFO:colcon.colcon_core.shell:Creating environment hook '/home/luomo/Documents/GitHub/detect_armor_robomaster/install/armor_interfaces/share/armor_interfaces/hook/cmake_prefix_path.ps1'
[3.072s] INFO:colcon.colcon_core.shell:Creating environment descriptor '/home/luomo/Documents/GitHub/detect_armor_robomaster/install/armor_interfaces/share/armor_interfaces/hook/cmake_prefix_path.dsv'
[3.072s] INFO:colcon.colcon_core.shell:Creating environment hook '/home/luomo/Documents/GitHub/detect_armor_robomaster/install/armor_interfaces/share/armor_interfaces/hook/cmake_prefix_path.sh'
[3.072s] Level 1:colcon.colcon_core.environment:checking '/home/luomo/Documents/GitHub/detect_armor_robomaster/install/armor_interfaces/lib'
[3.072s] Level 1:colcon.colcon_core.shell:create_environment_hook('armor_interfaces', 'ld_library_path_lib')
[3.073s] INFO:colcon.colcon_core.shell:Creating environment hook '/home/luomo/Documents/GitHub/detect_armor_robomaster/install/armor_interfaces/share/armor_interfaces/hook/ld_library_path_lib.ps1'
[3.073s] INFO:colcon.colcon_core.shell:Creating environment descriptor '/home/luomo/Documents/GitHub/detect_armor_robomaster/install/armor_interfaces/share/armor_interfaces/hook/ld_library_path_lib.dsv'
[3.073s] INFO:colcon.colcon_core.shell:Creating environment hook '/home/luomo/Documents/GitHub/detect_armor_robomaster/install/armor_interfaces/share/armor_interfaces/hook/ld_library_path_lib.sh'
[3.073s] Level 1:colcon.colcon_core.environment:checking '/home/luomo/Documents/GitHub/detect_armor_robomaster/install/armor_interfaces/bin'
[3.073s] Level 1:colcon.colcon_core.environment:checking '/home/luomo/Documents/GitHub/detect_armor_robomaster/install/armor_interfaces/lib/pkgconfig/armor_interfaces.pc'
[3.073s] Level 1:colcon.colcon_core.environment:checking '/home/luomo/Documents/GitHub/detect_armor_robomaster/install/armor_interfaces/lib/python3.12/site-packages'
[3.073s] Level 1:colcon.colcon_core.environment:checking '/home/luomo/Documents/GitHub/detect_armor_robomaster/install/armor_interfaces/bin'
[3.073s] INFO:colcon.colcon_core.shell:Creating package script '/home/luomo/Documents/GitHub/detect_armor_robomaster/install/armor_interfaces/share/armor_interfaces/package.ps1'
[3.074s] INFO:colcon.colcon_core.shell:Creating package descriptor '/home/luomo/Documents/GitHub/detect_armor_robomaster/install/armor_interfaces/share/armor_interfaces/package.dsv'
[3.074s] INFO:colcon.colcon_core.shell:Creating package script '/home/luomo/Documents/GitHub/detect_armor_robomaster/install/armor_interfaces/share/armor_interfaces/package.sh'
[3.074s] INFO:colcon.colcon_core.shell:Creating package script '/home/luomo/Documents/GitHub/detect_armor_robomaster/install/armor_interfaces/share/armor_interfaces/package.bash'
[3.075s] INFO:colcon.colcon_core.shell:Creating package script '/home/luomo/Documents/GitHub/detect_armor_robomaster/install/armor_interfaces/share/armor_interfaces/package.zsh'
[3.075s] Level 1:colcon.colcon_core.environment:create_file_with_runtime_dependencies(/home/luomo/Documents/GitHub/detect_armor_robomaster/install/armor_interfaces/share/colcon-core/packages/armor_interfaces)
[3.075s] Level 1:colcon.colcon_core.environment:create_environment_scripts_only(armor_interfaces)
[3.076s] Level 1:colcon.colcon_core.environment:checking '/home/luomo/Documents/GitHub/detect_armor_robomaster/install/armor_interfaces' for CMake module files
[3.076s] Level 1:colcon.colcon_core.environment:checking '/home/luomo/Documents/GitHub/detect_armor_robomaster/install/armor_interfaces' for CMake config files
[3.076s] Level 1:colcon.colcon_core.shell:create_environment_hook('armor_interfaces', 'cmake_prefix_path')
[3.076s] INFO:colcon.colcon_core.shell:Creating environment hook '/home/luomo/Documents/GitHub/detect_armor_robomaster/install/armor_interfaces/share/armor_interfaces/hook/cmake_prefix_path.ps1'
[3.076s] INFO:colcon.colcon_core.shell:Creating environment descriptor '/home/luomo/Documents/GitHub/detect_armor_robomaster/install/armor_interfaces/share/armor_interfaces/hook/cmake_prefix_path.dsv'
[3.076s] INFO:colcon.colcon_core.shell:Creating environment hook '/home/luomo/Documents/GitHub/detect_armor_robomaster/install/armor_interfaces/share/armor_interfaces/hook/cmake_prefix_path.sh'
[3.077s] Level 1:colcon.colcon_core.environment:checking '/home/luomo/Documents/GitHub/detect_armor_robomaster/install/armor_interfaces/lib'
[3.077s] Level 1:colcon.colcon_core.shell:create_environment_hook('armor_interfaces', 'ld_library_path_lib')
[3.077s] INFO:colcon.colcon_core.shell:Creating environment hook '/home/luomo/Documents/GitHub/detect_armor_robomaster/install/armor_interfaces/share/armor_interfaces/hook/ld_library_path_lib.ps1'
[3.077s] INFO:colcon.colcon_core.shell:Creating environment descriptor '/home/luomo/Documents/GitHub/detect_armor_robomaster/install/armor_interfaces/share/armor_interfaces/hook/ld_library_path_lib.dsv'
[3.077s] INFO:colcon.colcon_core.shell:Creating environment hook '/home/luomo/Documents/GitHub/detect_armor_robomaster/install/armor_interfaces/share/armor_interfaces/hook/ld_library_path_lib.sh'
[3.077s] Level 1:colcon.colcon_core.environment:checking '/home/luomo/Documents/GitHub/detect_armor_robomaster/install/armor_interfaces/bin'
[3.077s] Level 1:colcon.colcon_core.environment:checking '/home/luomo/Documents/GitHub/detect_armor_robomaster/install/armor_interfaces/lib/pkgconfig/armor_interfaces.pc'
[3.077s] Level 1:colcon.colcon_core.environment:checking '/home/luomo/Documents/GitHub/detect_armor_robomaster/install/armor_interfaces/lib/python3.12/site-packages'
[3.078s] Level 1:colcon.colcon_core.environment:checking '/home/luomo/Documents/GitHub/detect_armor_robomaster/install/armor_interfaces/bin'
[3.078s] INFO:colcon.colcon_core.shell:Creating package script '/home/luomo/Documents/GitHub/detect_armor_robomaster/install/armor_interfaces/share/armor_interfaces/package.ps1'
[3.078s] INFO:colcon.colcon_core.shell:Creating package descriptor '/home/luomo/Documents/GitHub/detect_armor_robomaster/install/armor_interfaces/share/armor_interfaces/package.dsv'
[3.078s] INFO:colcon.colcon_core.shell:Creating package script '/home/luomo/Documents/GitHub/detect_armor_robomaster/install/armor_interfaces/share/armor_interfaces/package.sh'
[3.079s] INFO:colcon.colcon_core.shell:Creating package script '/home/luomo/Documents/GitHub/detect_armor_robomaster/install/armor_interfaces/share/armor_interfaces/package.bash'
[3.079s] INFO:colcon.colcon_core.shell:Creating package script '/home/luomo/Documents/GitHub/detect_armor_robomaster/install/armor_interfaces/share/armor_interfaces/package.zsh'
[3.079s] Level 1:colcon.colcon_core.environment:create_file_with_runtime_dependencies(/home/luomo/Documents/GitHub/detect_armor_robomaster/install/armor_interfaces/share/colcon-core/packages/armor_interfaces)
[3.079s] INFO:colcon.colcon_ros.task.ament_cmake.build:Building ROS package in '/home/luomo/Documents/GitHub/detect_armor_robomaster/src/armor_info_subscriber' with build type 'ament_cmake'
[3.079s] INFO:colcon.colcon_cmake.task.cmake.build:Building CMake package in '/home/luomo/Documents/GitHub/detect_armor_robomaster/src/armor_info_subscriber'
[3.079s] INFO:colcon.colcon_core.shell:Skip shell extension 'powershell' for command environment: Not usable outside of PowerShell
[3.079s] DEBUG:colcon.colcon_core.shell:Skip shell extension 'dsv' for command environment
[3.084s] DEBUG:colcon.colcon_core.event_handler.log_command:Invoking command in '/home/luomo/Documents/GitHub/detect_armor_robomaster/build/armor_info_subscriber': AMENT_PREFIX_PATH=/home/luomo/Documents/GitHub/detect_armor_robomaster/install/armor_interfaces:${AMENT_PREFIX_PATH} CMAKE_PREFIX_PATH=/home/luomo/Documents/GitHub/detect_armor_robomaster/install/armor_interfaces:/home/luomo/Documents/GitHub/ros2-learning-note/ros2/lesson1/helloworld/install/pkg02_hellovscode_cpp:/home/luomo/Documents/GitHub/ros2-learning-note/ros2/lesson1/helloworld/install/pkg01_helloworld_cpp:/opt/ros/jazzy/opt/gz_math_vendor:/opt/ros/jazzy/opt/gz_utils_vendor:/opt/ros/jazzy/opt/gz_cmake_vendor:/opt/ros/jazzy CONDA_PROMPT_MODIFIER=(base) DEBUGINFOD_URLS=https://debuginfod.ubuntu.com LD_LIBRARY_PATH=/home/luomo/Documents/GitHub/detect_armor_robomaster/install/armor_interfaces/lib:${LD_LIBRARY_PATH} PYTHONPATH=/home/luomo/Documents/GitHub/detect_armor_robomaster/install/armor_interfaces/lib/python3.13/site-packages:${PYTHONPATH} /usr/bin/cmake /home/luomo/Documents/GitHub/detect_armor_robomaster/src/armor_info_subscriber -DCMAKE_INSTALL_PREFIX=/home/luomo/Documents/GitHub/detect_armor_robomaster/install/armor_info_subscriber
[3.708s] DEBUG:colcon.colcon_core.event_handler.log_command:Invoked command in '/home/luomo/Documents/GitHub/detect_armor_robomaster/build/armor_info_subscriber' returned '0': AMENT_PREFIX_PATH=/home/luomo/Documents/GitHub/detect_armor_robomaster/install/armor_interfaces:${AMENT_PREFIX_PATH} CMAKE_PREFIX_PATH=/home/luomo/Documents/GitHub/detect_armor_robomaster/install/armor_interfaces:/home/luomo/Documents/GitHub/ros2-learning-note/ros2/lesson1/helloworld/install/pkg02_hellovscode_cpp:/home/luomo/Documents/GitHub/ros2-learning-note/ros2/lesson1/helloworld/install/pkg01_helloworld_cpp:/opt/ros/jazzy/opt/gz_math_vendor:/opt/ros/jazzy/opt/gz_utils_vendor:/opt/ros/jazzy/opt/gz_cmake_vendor:/opt/ros/jazzy CONDA_PROMPT_MODIFIER=(base) DEBUGINFOD_URLS=https://debuginfod.ubuntu.com LD_LIBRARY_PATH=/home/luomo/Documents/GitHub/detect_armor_robomaster/install/armor_interfaces/lib:${LD_LIBRARY_PATH} PYTHONPATH=/home/luomo/Documents/GitHub/detect_armor_robomaster/install/armor_interfaces/lib/python3.13/site-packages:${PYTHONPATH} /usr/bin/cmake /home/luomo/Documents/GitHub/detect_armor_robomaster/src/armor_info_subscriber -DCMAKE_INSTALL_PREFIX=/home/luomo/Documents/GitHub/detect_armor_robomaster/install/armor_info_subscriber
[3.709s] DEBUG:colcon.colcon_core.event_handler.log_command:Invoking command in '/home/luomo/Documents/GitHub/detect_armor_robomaster/build/armor_info_subscriber': AMENT_PREFIX_PATH=/home/luomo/Documents/GitHub/detect_armor_robomaster/install/armor_interfaces:${AMENT_PREFIX_PATH} CMAKE_PREFIX_PATH=/home/luomo/Documents/GitHub/detect_armor_robomaster/install/armor_interfaces:/home/luomo/Documents/GitHub/ros2-learning-note/ros2/lesson1/helloworld/install/pkg02_hellovscode_cpp:/home/luomo/Documents/GitHub/ros2-learning-note/ros2/lesson1/helloworld/install/pkg01_helloworld_cpp:/opt/ros/jazzy/opt/gz_math_vendor:/opt/ros/jazzy/opt/gz_utils_vendor:/opt/ros/jazzy/opt/gz_cmake_vendor:/opt/ros/jazzy CONDA_PROMPT_MODIFIER=(base) DEBUGINFOD_URLS=https://debuginfod.ubuntu.com LD_LIBRARY_PATH=/home/luomo/Documents/GitHub/detect_armor_robomaster/install/armor_interfaces/lib:${LD_LIBRARY_PATH} PYTHONPATH=/home/luomo/Documents/GitHub/detect_armor_robomaster/install/armor_interfaces/lib/python3.13/site-packages:${PYTHONPATH} /usr/bin/cmake --build /home/luomo/Documents/GitHub/detect_armor_robomaster/build/armor_info_subscriber -- -j20 -l20
[7.407s] DEBUG:colcon.colcon_core.event_handler.log_command:Invoked command in '/home/luomo/Documents/GitHub/detect_armor_robomaster/build/armor_info_subscriber' returned '0': AMENT_PREFIX_PATH=/home/luomo/Documents/GitHub/detect_armor_robomaster/install/armor_interfaces:${AMENT_PREFIX_PATH} CMAKE_PREFIX_PATH=/home/luomo/Documents/GitHub/detect_armor_robomaster/install/armor_interfaces:/home/luomo/Documents/GitHub/ros2-learning-note/ros2/lesson1/helloworld/install/pkg02_hellovscode_cpp:/home/luomo/Documents/GitHub/ros2-learning-note/ros2/lesson1/helloworld/install/pkg01_helloworld_cpp:/opt/ros/jazzy/opt/gz_math_vendor:/opt/ros/jazzy/opt/gz_utils_vendor:/opt/ros/jazzy/opt/gz_cmake_vendor:/opt/ros/jazzy CONDA_PROMPT_MODIFIER=(base) DEBUGINFOD_URLS=https://debuginfod.ubuntu.com LD_LIBRARY_PATH=/home/luomo/Documents/GitHub/detect_armor_robomaster/install/armor_interfaces/lib:${LD_LIBRARY_PATH} PYTHONPATH=/home/luomo/Documents/GitHub/detect_armor_robomaster/install/armor_interfaces/lib/python3.13/site-packages:${PYTHONPATH} /usr/bin/cmake --build /home/luomo/Documents/GitHub/detect_armor_robomaster/build/armor_info_subscriber -- -j20 -l20
[7.407s] DEBUG:colcon.colcon_core.event_handler.log_command:Invoking command in '/home/luomo/Documents/GitHub/detect_armor_robomaster/build/armor_info_subscriber': AMENT_PREFIX_PATH=/home/luomo/Documents/GitHub/detect_armor_robomaster/install/armor_interfaces:${AMENT_PREFIX_PATH} CMAKE_PREFIX_PATH=/home/luomo/Documents/GitHub/detect_armor_robomaster/install/armor_interfaces:/home/luomo/Documents/GitHub/ros2-learning-note/ros2/lesson1/helloworld/install/pkg02_hellovscode_cpp:/home/luomo/Documents/GitHub/ros2-learning-note/ros2/lesson1/helloworld/install/pkg01_helloworld_cpp:/opt/ros/jazzy/opt/gz_math_vendor:/opt/ros/jazzy/opt/gz_utils_vendor:/opt/ros/jazzy/opt/gz_cmake_vendor:/opt/ros/jazzy CONDA_PROMPT_MODIFIER=(base) DEBUGINFOD_URLS=https://debuginfod.ubuntu.com LD_LIBRARY_PATH=/home/luomo/Documents/GitHub/detect_armor_robomaster/install/armor_interfaces/lib:${LD_LIBRARY_PATH} PYTHONPATH=/home/luomo/Documents/GitHub/detect_armor_robomaster/install/armor_interfaces/lib/python3.13/site-packages:${PYTHONPATH} /usr/bin/cmake --install /home/luomo/Documents/GitHub/detect_armor_robomaster/build/armor_info_subscriber
[7.415s] Level 1:colcon.colcon_core.environment:create_environment_scripts_only(armor_info_subscriber)
[7.415s] Level 1:colcon.colcon_core.environment:checking '/home/luomo/Documents/GitHub/detect_armor_robomaster/install/armor_info_subscriber' for CMake module files
[7.415s] DEBUG:colcon.colcon_core.event_handler.log_command:Invoked command in '/home/luomo/Documents/GitHub/detect_armor_robomaster/build/armor_info_subscriber' returned '0': AMENT_PREFIX_PATH=/home/luomo/Documents/GitHub/detect_armor_robomaster/install/armor_interfaces:${AMENT_PREFIX_PATH} CMAKE_PREFIX_PATH=/home/luomo/Documents/GitHub/detect_armor_robomaster/install/armor_interfaces:/home/luomo/Documents/GitHub/ros2-learning-note/ros2/lesson1/helloworld/install/pkg02_hellovscode_cpp:/home/luomo/Documents/GitHub/ros2-learning-note/ros2/lesson1/helloworld/install/pkg01_helloworld_cpp:/opt/ros/jazzy/opt/gz_math_vendor:/opt/ros/jazzy/opt/gz_utils_vendor:/opt/ros/jazzy/opt/gz_cmake_vendor:/opt/ros/jazzy CONDA_PROMPT_MODIFIER=(base) DEBUGINFOD_URLS=https://debuginfod.ubuntu.com LD_LIBRARY_PATH=/home/luomo/Documents/GitHub/detect_armor_robomaster/install/armor_interfaces/lib:${LD_LIBRARY_PATH} PYTHONPATH=/home/luomo/Documents/GitHub/detect_armor_robomaster/install/armor_interfaces/lib/python3.13/site-packages:${PYTHONPATH} /usr/bin/cmake --install /home/luomo/Documents/GitHub/detect_armor_robomaster/build/armor_info_subscriber
[7.415s] Level 1:colcon.colcon_core.environment:checking '/home/luomo/Documents/GitHub/detect_armor_robomaster/install/armor_info_subscriber' for CMake config files
[7.416s] Level 1:colcon.colcon_core.shell:create_environment_hook('armor_info_subscriber', 'cmake_prefix_path')
[7.416s] INFO:colcon.colcon_core.shell:Creating environment hook '/home/luomo/Documents/GitHub/detect_armor_robomaster/install/armor_info_subscriber/share/armor_info_subscriber/hook/cmake_prefix_path.ps1'
[7.416s] INFO:colcon.colcon_core.shell:Creating environment descriptor '/home/luomo/Documents/GitHub/detect_armor_robomaster/install/armor_info_subscriber/share/armor_info_subscriber/hook/cmake_prefix_path.dsv'
[7.416s] INFO:colcon.colcon_core.shell:Creating environment hook '/home/luomo/Documents/GitHub/detect_armor_robomaster/install/armor_info_subscriber/share/armor_info_subscriber/hook/cmake_prefix_path.sh'
[7.416s] Level 1:colcon.colcon_core.environment:checking '/home/luomo/Documents/GitHub/detect_armor_robomaster/install/armor_info_subscriber/lib'
[7.416s] Level 1:colcon.colcon_core.environment:checking '/home/luomo/Documents/GitHub/detect_armor_robomaster/install/armor_info_subscriber/bin'
[7.416s] Level 1:colcon.colcon_core.environment:checking '/home/luomo/Documents/GitHub/detect_armor_robomaster/install/armor_info_subscriber/lib/pkgconfig/armor_info_subscriber.pc'
[7.417s] Level 1:colcon.colcon_core.environment:checking '/home/luomo/Documents/GitHub/detect_armor_robomaster/install/armor_info_subscriber/lib/python3.12/site-packages'
[7.417s] Level 1:colcon.colcon_core.environment:checking '/home/luomo/Documents/GitHub/detect_armor_robomaster/install/armor_info_subscriber/bin'
[7.417s] INFO:colcon.colcon_core.shell:Creating package script '/home/luomo/Documents/GitHub/detect_armor_robomaster/install/armor_info_subscriber/share/armor_info_subscriber/package.ps1'
[7.417s] INFO:colcon.colcon_core.shell:Creating package descriptor '/home/luomo/Documents/GitHub/detect_armor_robomaster/install/armor_info_subscriber/share/armor_info_subscriber/package.dsv'
[7.417s] INFO:colcon.colcon_core.shell:Creating package script '/home/luomo/Documents/GitHub/detect_armor_robomaster/install/armor_info_subscriber/share/armor_info_subscriber/package.sh'
[7.417s] INFO:colcon.colcon_core.shell:Creating package script '/home/luomo/Documents/GitHub/detect_armor_robomaster/install/armor_info_subscriber/share/armor_info_subscriber/package.bash'
[7.418s] INFO:colcon.colcon_core.shell:Creating package script '/home/luomo/Documents/GitHub/detect_armor_robomaster/install/armor_info_subscriber/share/armor_info_subscriber/package.zsh'
[7.418s] Level 1:colcon.colcon_core.environment:create_file_with_runtime_dependencies(/home/luomo/Documents/GitHub/detect_armor_robomaster/install/armor_info_subscriber/share/colcon-core/packages/armor_info_subscriber)
[7.418s] Level 1:colcon.colcon_core.environment:create_environment_scripts_only(armor_info_subscriber)
[7.418s] Level 1:colcon.colcon_core.environment:checking '/home/luomo/Documents/GitHub/detect_armor_robomaster/install/armor_info_subscriber' for CMake module files
[7.418s] Level 1:colcon.colcon_core.environment:checking '/home/luomo/Documents/GitHub/detect_armor_robomaster/install/armor_info_subscriber' for CMake config files
[7.418s] Level 1:colcon.colcon_core.shell:create_environment_hook('armor_info_subscriber', 'cmake_prefix_path')
[7.418s] INFO:colcon.colcon_core.shell:Creating environment hook '/home/luomo/Documents/GitHub/detect_armor_robomaster/install/armor_info_subscriber/share/armor_info_subscriber/hook/cmake_prefix_path.ps1'
[7.419s] INFO:colcon.colcon_core.shell:Creating environment descriptor '/home/luomo/Documents/GitHub/detect_armor_robomaster/install/armor_info_subscriber/share/armor_info_subscriber/hook/cmake_prefix_path.dsv'
[7.419s] INFO:colcon.colcon_core.shell:Creating environment hook '/home/luomo/Documents/GitHub/detect_armor_robomaster/install/armor_info_subscriber/share/armor_info_subscriber/hook/cmake_prefix_path.sh'
[7.419s] Level 1:colcon.colcon_core.environment:checking '/home/luomo/Documents/GitHub/detect_armor_robomaster/install/armor_info_subscriber/lib'
[7.419s] Level 1:colcon.colcon_core.environment:checking '/home/luomo/Documents/GitHub/detect_armor_robomaster/install/armor_info_subscriber/bin'
[7.419s] Level 1:colcon.colcon_core.environment:checking '/home/luomo/Documents/GitHub/detect_armor_robomaster/install/armor_info_subscriber/lib/pkgconfig/armor_info_subscriber.pc'
[7.419s] Level 1:colcon.colcon_core.environment:checking '/home/luomo/Documents/GitHub/detect_armor_robomaster/install/armor_info_subscriber/lib/python3.12/site-packages'
[7.419s] Level 1:colcon.colcon_core.environment:checking '/home/luomo/Documents/GitHub/detect_armor_robomaster/install/armor_info_subscriber/bin'
[7.419s] INFO:colcon.colcon_core.shell:Creating package script '/home/luomo/Documents/GitHub/detect_armor_robomaster/install/armor_info_subscriber/share/armor_info_subscriber/package.ps1'
[7.420s] INFO:colcon.colcon_core.shell:Creating package descriptor '/home/luomo/Documents/GitHub/detect_armor_robomaster/install/armor_info_subscriber/share/armor_info_subscriber/package.dsv'
[7.420s] INFO:colcon.colcon_core.shell:Creating package script '/home/luomo/Documents/GitHub/detect_armor_robomaster/install/armor_info_subscriber/share/armor_info_subscriber/package.sh'
[7.420s] INFO:colcon.colcon_core.shell:Creating package script '/home/luomo/Documents/GitHub/detect_armor_robomaster/install/armor_info_subscriber/share/armor_info_subscriber/package.bash'
[7.420s] INFO:colcon.colcon_core.shell:Creating package script '/home/luomo/Documents/GitHub/detect_armor_robomaster/install/armor_info_subscriber/share/armor_info_subscriber/package.zsh'
[7.420s] Level 1:colcon.colcon_core.environment:create_file_with_runtime_dependencies(/home/luomo/Documents/GitHub/detect_armor_robomaster/install/armor_info_subscriber/share/colcon-core/packages/armor_info_subscriber)
[7.421s] INFO:colcon.colcon_ros.task.ament_cmake.build:Building ROS package in '/home/luomo/Documents/GitHub/detect_armor_robomaster/src/armor_tracker_ros2' with build type 'ament_cmake'
[7.421s] INFO:colcon.colcon_cmake.task.cmake.build:Building CMake package in '/home/luomo/Documents/GitHub/detect_armor_robomaster/src/armor_tracker_ros2'
[7.421s] INFO:colcon.colcon_core.shell:Skip shell extension 'powershell' for command environment: Not usable outside of PowerShell
[7.421s] DEBUG:colcon.colcon_core.shell:Skip shell extension 'dsv' for command environment
[7.426s] DEBUG:colcon.colcon_core.event_handler.log_command:Invoking command in '/home/luomo/Documents/GitHub/detect_armor_robomaster/build/armor_tracker_ros2': AMENT_PREFIX_PATH=/home/luomo/Documents/GitHub/detect_armor_robomaster/install/armor_info_subscriber:/home/luomo/Documents/GitHub/detect_armor_robomaster/install/armor_interfaces:${AMENT_PREFIX_PATH} CMAKE_PREFIX_PATH=/home/luomo/Documents/GitHub/detect_armor_robomaster/install/armor_info_subscriber:/home/luomo/Documents/GitHub/detect_armor_robomaster/install/armor_interfaces:/home/luomo/Documents/GitHub/ros2-learning-note/ros2/lesson1/helloworld/install/pkg02_hellovscode_cpp:/home/luomo/Documents/GitHub/ros2-learning-note/ros2/lesson1/helloworld/install/pkg01_helloworld_cpp:/opt/ros/jazzy/opt/gz_math_vendor:/opt/ros/jazzy/opt/gz_utils_vendor:/opt/ros/jazzy/opt/gz_cmake_vendor:/opt/ros/jazzy CONDA_PROMPT_MODIFIER=(base) DEBUGINFOD_URLS=https://debuginfod.ubuntu.com LD_LIBRARY_PATH=/home/luomo/Documents/GitHub/detect_armor_robomaster/install/armor_interfaces/lib:${LD_LIBRARY_PATH} PYTHONPATH=/home/luomo/Documents/GitHub/detect_armor_robomaster/install/armor_interfaces/lib/python3.13/site-packages:${PYTHONPATH} /usr/bin/cmake /home/luomo/Documents/GitHub/detect_armor_robomaster/src/armor_tracker_ros2 -DCMAKE_INSTALL_PREFIX=/home/luomo/Documents/GitHub/detect_armor_robomaster/install/armor_tracker_ros2
[8.123s] DEBUG:colcon.colcon_core.event_handler.log_command:Invoked command in '/home/luomo/Documents/GitHub/detect_armor_robomaster/build/armor_tracker_ros2' returned '0': AMENT_PREFIX_PATH=/home/luomo/Documents/GitHub/detect_armor_robomaster/install/armor_info_subscriber:/home/luomo/Documents/GitHub/detect_armor_robomaster/install/armor_interfaces:${AMENT_PREFIX_PATH} CMAKE_PREFIX_PATH=/home/luomo/Documents/GitHub/detect_armor_robomaster/install/armor_info_subscriber:/home/luomo/Documents/GitHub/detect_armor_robomaster/install/armor_interfaces:/home/luomo/Documents/GitHub/ros2-learning-note/ros2/lesson1/helloworld/install/pkg02_hellovscode_cpp:/home/luomo/Documents/GitHub/ros2-learning-note/ros2/lesson1/helloworld/install/pkg01_helloworld_cpp:/opt/ros/jazzy/opt/gz_math_vendor:/opt/ros/jazzy/opt/gz_utils_vendor:/opt/ros/jazzy/opt/gz_cmake_vendor:/opt/ros/jazzy CONDA_PROMPT_MODIFIER=(base) DEBUGINFOD_URLS=https://debuginfod.ubuntu.com LD_LIBRARY_PATH=/home/luomo/Documents/GitHub/detect_armor_robomaster/install/armor_interfaces/lib:${LD_LIBRARY_PATH} PYTHONPATH=/home/luomo/Documents/GitHub/detect_armor_robomaster/install/armor_interfaces/lib/python3.13/site-packages:${PYTHONPATH} /usr/bin/cmake /home/luomo/Documents/GitHub/detect_armor_robomaster/src/armor_tracker_ros2 -DCMAKE_INSTALL_PREFIX=/home/luomo/Documents/GitHub/detect_armor_robomaster/install/armor_tracker_ros2
[8.123s] DEBUG:colcon.colcon_core.event_handler.log_command:Invoking command in '/home/luomo/Documents/GitHub/detect_armor_robomaster/build/armor_tracker_ros2': AMENT_PREFIX_PATH=/home/luomo/Documents/GitHub/detect_armor_robomaster/install/armor_info_subscriber:/home/luomo/Documents/GitHub/detect_armor_robomaster/install/armor_interfaces:${AMENT_PREFIX_PATH} CMAKE_PREFIX_PATH=/home/luomo/Documents/GitHub/detect_armor_robomaster/install/armor_info_subscriber:/home/luomo/Documents/GitHub/detect_armor_robomaster/install/armor_interfaces:/home/luomo/Documents/GitHub/ros2-learning-note/ros2/lesson1/helloworld/install/pkg02_hellovscode_cpp:/home/luomo/Documents/GitHub/ros2-learning-note/ros2/lesson1/helloworld/install/pkg01_helloworld_cpp:/opt/ros/jazzy/opt/gz_math_vendor:/opt/ros/jazzy/opt/gz_utils_vendor:/opt/ros/jazzy/opt/gz_cmake_vendor:/opt/ros/jazzy CONDA_PROMPT_MODIFIER=(base) DEBUGINFOD_URLS=https://debuginfod.ubuntu.com LD_LIBRARY_PATH=/home/luomo/Documents/GitHub/detect_armor_robomaster/install/armor_interfaces/lib:${LD_LIBRARY_PATH} PYTHONPATH=/home/luomo/Documents/GitHub/detect_armor_robomaster/install/armor_interfaces/lib/python3.13/site-packages:${PYTHONPATH} /usr/bin/cmake --build /home/luomo/Documents/GitHub/detect_armor_robomaster/build/armor_tracker_ros2 -- -j20 -l20
[12.020s] DEBUG:colcon.colcon_core.event_handler.log_command:Invoked command in '/home/luomo/Documents/GitHub/detect_armor_robomaster/build/armor_tracker_ros2' returned '0': AMENT_PREFIX_PATH=/home/luomo/Documents/GitHub/detect_armor_robomaster/install/armor_info_subscriber:/home/luomo/Documents/GitHub/detect_armor_robomaster/install/armor_interfaces:${AMENT_PREFIX_PATH} CMAKE_PREFIX_PATH=/home/luomo/Documents/GitHub/detect_armor_robomaster/install/armor_info_subscriber:/home/luomo/Documents/GitHub/detect_armor_robomaster/install/armor_interfaces:/home/luomo/Documents/GitHub/ros2-learning-note/ros2/lesson1/helloworld/install/pkg02_hellovscode_cpp:/home/luomo/Documents/GitHub/ros2-learning-note/ros2/lesson1/helloworld/install/pkg01_helloworld_cpp:/opt/ros/jazzy/opt/gz_math_vendor:/opt/ros/jazzy/opt/gz_utils_vendor:/opt/ros/jazzy/opt/gz_cmake_vendor:/opt/ros/jazzy CONDA_PROMPT_MODIFIER=(base) DEBUGINFOD_URLS=https://debuginfod.ubuntu.com LD_LIBRARY_PATH=/home/luomo/Documents/GitHub/detect_armor_robomaster/install/armor_interfaces/lib:${LD_LIBRARY_PATH} PYTHONPATH=/home/luomo/Documents/GitHub/detect_armor_robomaster/install/armor_interfaces/lib/python3.13/site-packages:${PYTHONPATH} /usr/bin/cmake --build /home/luomo/Documents/GitHub/detect_armor_robomaster/build/armor_tracker_ros2 -- -j20 -l20
[12.021s] DEBUG:colcon.colcon_core.event_handler.log_command:Invoking command in '/home/luomo/Documents/GitHub/detect_armor_robomaster/build/armor_tracker_ros2': AMENT_PREFIX_PATH=/home/luomo/Documents/GitHub/detect_armor_robomaster/install/armor_info_subscriber:/home/luomo/Documents/GitHub/detect_armor_robomaster/install/armor_interfaces:${AMENT_PREFIX_PATH} CMAKE_PREFIX_PATH=/home/luomo/Documents/GitHub/detect_armor_robomaster/install/armor_info_subscriber:/home/luomo/Documents/GitHub/detect_armor_robomaster/install/armor_interfaces:/home/luomo/Documents/GitHub/ros2-learning-note/ros2/lesson1/helloworld/install/pkg02_hellovscode_cpp:/home/luomo/Documents/GitHub/ros2-learning-note/ros2/lesson1/helloworld/install/pkg01_helloworld_cpp:/opt/ros/jazzy/opt/gz_math_vendor:/opt/ros/jazzy/opt/gz_utils_vendor:/opt/ros/jazzy/opt/gz_cmake_vendor:/opt/ros/jazzy CONDA_PROMPT_MODIFIER=(base) DEBUGINFOD_URLS=https://debuginfod.ubuntu.com LD_LIBRARY_PATH=/home/luomo/Documents/GitHub/detect_armor_robomaster/install/armor_interfaces/lib:${LD_LIBRARY_PATH} PYTHONPATH=/home/luomo/Documents/GitHub/detect_armor_robomaster/install/armor_interfaces/lib/python3.13/site-packages:${PYTHONPATH} /usr/bin/cmake --install /home/luomo/Documents/GitHub/detect_armor_robomaster/build/armor_tracker_ros2
[12.033s] Level 1:colcon.colcon_core.environment:create_environment_scripts_only(armor_tracker_ros2)
[12.034s] Level 1:colcon.colcon_core.environment:checking '/home/luomo/Documents/GitHub/detect_armor_robomaster/install/armor_tracker_ros2' for CMake module files
[12.034s] Level 1:colcon.colcon_core.environment:checking '/home/luomo/Documents/GitHub/detect_armor_robomaster/install/armor_tracker_ros2' for CMake config files
[12.034s] Level 1:colcon.colcon_core.shell:create_environment_hook('armor_tracker_ros2', 'cmake_prefix_path')
[12.034s] INFO:colcon.colcon_core.shell:Creating environment hook '/home/luomo/Documents/GitHub/detect_armor_robomaster/install/armor_tracker_ros2/share/armor_tracker_ros2/hook/cmake_prefix_path.ps1'
[12.034s] DEBUG:colcon.colcon_core.event_handler.log_command:Invoked command in '/home/luomo/Documents/GitHub/detect_armor_robomaster/build/armor_tracker_ros2' returned '0': AMENT_PREFIX_PATH=/home/luomo/Documents/GitHub/detect_armor_robomaster/install/armor_info_subscriber:/home/luomo/Documents/GitHub/detect_armor_robomaster/install/armor_interfaces:${AMENT_PREFIX_PATH} CMAKE_PREFIX_PATH=/home/luomo/Documents/GitHub/detect_armor_robomaster/install/armor_info_subscriber:/home/luomo/Documents/GitHub/detect_armor_robomaster/install/armor_interfaces:/home/luomo/Documents/GitHub/ros2-learning-note/ros2/lesson1/helloworld/install/pkg02_hellovscode_cpp:/home/luomo/Documents/GitHub/ros2-learning-note/ros2/lesson1/helloworld/install/pkg01_helloworld_cpp:/opt/ros/jazzy/opt/gz_math_vendor:/opt/ros/jazzy/opt/gz_utils_vendor:/opt/ros/jazzy/opt/gz_cmake_vendor:/opt/ros/jazzy CONDA_PROMPT_MODIFIER=(base) DEBUGINFOD_URLS=https://debuginfod.ubuntu.com LD_LIBRARY_PATH=/home/luomo/Documents/GitHub/detect_armor_robomaster/install/armor_interfaces/lib:${LD_LIBRARY_PATH} PYTHONPATH=/home/luomo/Documents/GitHub/detect_armor_robomaster/install/armor_interfaces/lib/python3.13/site-packages:${PYTHONPATH} /usr/bin/cmake --install /home/luomo/Documents/GitHub/detect_armor_robomaster/build/armor_tracker_ros2
[12.035s] INFO:colcon.colcon_core.shell:Creating environment descriptor '/home/luomo/Documents/GitHub/detect_armor_robomaster/install/armor_tracker_ros2/share/armor_tracker_ros2/hook/cmake_prefix_path.dsv'
[12.035s] INFO:colcon.colcon_core.shell:Creating environment hook '/home/luomo/Documents/GitHub/detect_armor_robomaster/install/armor_tracker_ros2/share/armor_tracker_ros2/hook/cmake_prefix_path.sh'
[12.035s] Level 1:colcon.colcon_core.environment:checking '/home/luomo/Documents/GitHub/detect_armor_robomaster/install/armor_tracker_ros2/lib'
[12.035s] Level 1:colcon.colcon_core.environment:checking '/home/luomo/Documents/GitHub/detect_armor_robomaster/install/armor_tracker_ros2/bin'
[12.035s] Level 1:colcon.colcon_core.environment:checking '/home/luomo/Documents/GitHub/detect_armor_robomaster/install/armor_tracker_ros2/lib/pkgconfig/armor_tracker_ros2.pc'
[12.035s] Level 1:colcon.colcon_core.environment:checking '/home/luomo/Documents/GitHub/detect_armor_robomaster/install/armor_tracker_ros2/lib/python3.12/site-packages'
[12.036s] Level 1:colcon.colcon_core.environment:checking '/home/luomo/Documents/GitHub/detect_armor_robomaster/install/armor_tracker_ros2/bin'
[12.036s] INFO:colcon.colcon_core.shell:Creating package script '/home/luomo/Documents/GitHub/detect_armor_robomaster/install/armor_tracker_ros2/share/armor_tracker_ros2/package.ps1'
[12.036s] INFO:colcon.colcon_core.shell:Creating package descriptor '/home/luomo/Documents/GitHub/detect_armor_robomaster/install/armor_tracker_ros2/share/armor_tracker_ros2/package.dsv'
[12.036s] INFO:colcon.colcon_core.shell:Creating package script '/home/luomo/Documents/GitHub/detect_armor_robomaster/install/armor_tracker_ros2/share/armor_tracker_ros2/package.sh'
[12.036s] INFO:colcon.colcon_core.shell:Creating package script '/home/luomo/Documents/GitHub/detect_armor_robomaster/install/armor_tracker_ros2/share/armor_tracker_ros2/package.bash'
[12.037s] INFO:colcon.colcon_core.shell:Creating package script '/home/luomo/Documents/GitHub/detect_armor_robomaster/install/armor_tracker_ros2/share/armor_tracker_ros2/package.zsh'
[12.037s] Level 1:colcon.colcon_core.environment:create_file_with_runtime_dependencies(/home/luomo/Documents/GitHub/detect_armor_robomaster/install/armor_tracker_ros2/share/colcon-core/packages/armor_tracker_ros2)
[12.037s] Level 1:colcon.colcon_core.environment:create_environment_scripts_only(armor_tracker_ros2)
[12.037s] Level 1:colcon.colcon_core.environment:checking '/home/luomo/Documents/GitHub/detect_armor_robomaster/install/armor_tracker_ros2' for CMake module files
[12.037s] Level 1:colcon.colcon_core.environment:checking '/home/luomo/Documents/GitHub/detect_armor_robomaster/install/armor_tracker_ros2' for CMake config files
[12.037s] Level 1:colcon.colcon_core.shell:create_environment_hook('armor_tracker_ros2', 'cmake_prefix_path')
[12.037s] INFO:colcon.colcon_core.shell:Creating environment hook '/home/luomo/Documents/GitHub/detect_armor_robomaster/install/armor_tracker_ros2/share/armor_tracker_ros2/hook/cmake_prefix_path.ps1'
[12.038s] INFO:colcon.colcon_core.shell:Creating environment descriptor '/home/luomo/Documents/GitHub/detect_armor_robomaster/install/armor_tracker_ros2/share/armor_tracker_ros2/hook/cmake_prefix_path.dsv'
[12.038s] INFO:colcon.colcon_core.shell:Creating environment hook '/home/luomo/Documents/GitHub/detect_armor_robomaster/install/armor_tracker_ros2/share/armor_tracker_ros2/hook/cmake_prefix_path.sh'
[12.038s] Level 1:colcon.colcon_core.environment:checking '/home/luomo/Documents/GitHub/detect_armor_robomaster/install/armor_tracker_ros2/lib'
[12.038s] Level 1:colcon.colcon_core.environment:checking '/home/luomo/Documents/GitHub/detect_armor_robomaster/install/armor_tracker_ros2/bin'
[12.038s] Level 1:colcon.colcon_core.environment:checking '/home/luomo/Documents/GitHub/detect_armor_robomaster/install/armor_tracker_ros2/lib/pkgconfig/armor_tracker_ros2.pc'
[12.038s] Level 1:colcon.colcon_core.environment:checking '/home/luomo/Documents/GitHub/detect_armor_robomaster/install/armor_tracker_ros2/lib/python3.12/site-packages'
[12.038s] Level 1:colcon.colcon_core.environment:checking '/home/luomo/Documents/GitHub/detect_armor_robomaster/install/armor_tracker_ros2/bin'
[12.038s] INFO:colcon.colcon_core.shell:Creating package script '/home/luomo/Documents/GitHub/detect_armor_robomaster/install/armor_tracker_ros2/share/armor_tracker_ros2/package.ps1'
[12.039s] INFO:colcon.colcon_core.shell:Creating package descriptor '/home/luomo/Documents/GitHub/detect_armor_robomaster/install/armor_tracker_ros2/share/armor_tracker_ros2/package.dsv'
[12.039s] INFO:colcon.colcon_core.shell:Creating package script '/home/luomo/Documents/GitHub/detect_armor_robomaster/install/armor_tracker_ros2/share/armor_tracker_ros2/package.sh'
[12.039s] INFO:colcon.colcon_core.shell:Creating package script '/home/luomo/Documents/GitHub/detect_armor_robomaster/install/armor_tracker_ros2/share/armor_tracker_ros2/package.bash'
[12.039s] INFO:colcon.colcon_core.shell:Creating package script '/home/luomo/Documents/GitHub/detect_armor_robomaster/install/armor_tracker_ros2/share/armor_tracker_ros2/package.zsh'
[12.039s] Level 1:colcon.colcon_core.environment:create_file_with_runtime_dependencies(/home/luomo/Documents/GitHub/detect_armor_robomaster/install/armor_tracker_ros2/share/colcon-core/packages/armor_tracker_ros2)
[12.039s] DEBUG:colcon.colcon_parallel_executor.executor.parallel:closing loop
[12.040s] DEBUG:colcon.colcon_parallel_executor.executor.parallel:loop closed
[12.040s] DEBUG:colcon.colcon_parallel_executor.executor.parallel:run_until_complete finished with '0'
[12.040s] DEBUG:colcon.colcon_core.event_reactor:joining thread
[12.045s] INFO:colcon.colcon_core.plugin_system:Skipping extension 'colcon_notification.desktop_notification.terminal_notifier': Not used on non-Darwin systems
[12.045s] INFO:colcon.colcon_core.plugin_system:Skipping extension 'colcon_notification.desktop_notification.win32': Not used on non-Windows systems
[12.045s] INFO:colcon.colcon_notification.desktop_notification:Sending desktop notification using 'notify2'
[12.068s] DEBUG:colcon.colcon_core.event_reactor:joined thread
[12.068s] INFO:colcon.colcon_core.shell:Creating prefix script '/home/luomo/Documents/GitHub/detect_armor_robomaster/install/local_setup.ps1'
[12.069s] INFO:colcon.colcon_core.shell:Creating prefix util module '/home/luomo/Documents/GitHub/detect_armor_robomaster/install/_local_setup_util_ps1.py'
[12.069s] INFO:colcon.colcon_core.shell:Creating prefix chain script '/home/luomo/Documents/GitHub/detect_armor_robomaster/install/setup.ps1'
[12.070s] INFO:colcon.colcon_core.shell:Creating prefix script '/home/luomo/Documents/GitHub/detect_armor_robomaster/install/local_setup.sh'
[12.070s] INFO:colcon.colcon_core.shell:Creating prefix util module '/home/luomo/Documents/GitHub/detect_armor_robomaster/install/_local_setup_util_sh.py'
[12.070s] INFO:colcon.colcon_core.shell:Creating prefix chain script '/home/luomo/Documents/GitHub/detect_armor_robomaster/install/setup.sh'
[12.071s] INFO:colcon.colcon_core.shell:Creating prefix script '/home/luomo/Documents/GitHub/detect_armor_robomaster/install/local_setup.bash'
[12.071s] INFO:colcon.colcon_core.shell:Creating prefix chain script '/home/luomo/Documents/GitHub/detect_armor_robomaster/install/setup.bash'
[12.072s] INFO:colcon.colcon_core.shell:Creating prefix script '/home/luomo/Documents/GitHub/detect_armor_robomaster/install/local_setup.zsh'
[12.072s] INFO:colcon.colcon_core.shell:Creating prefix chain script '/home/luomo/Documents/GitHub/detect_armor_robomaster/install/setup.zsh'
