-- The C compiler identification is GNU 13.3.0
-- The CXX compiler identification is GNU 13.3.0
-- Detecting C compiler ABI info
-- Detecting C compiler ABI info - done
-- Check for working C compiler: /usr/bin/cc - skipped
-- Detecting C compile features
-- Detecting C compile features - done
-- Detecting CXX compiler ABI info
-- Detecting CXX compiler ABI info - done
-- Check for working CXX compiler: /usr/bin/c++ - skipped
-- Detecting CXX compile features
-- Detecting CXX compile features - done
-- Found ament_cmake: 2.5.5 (/opt/ros/jazzy/share/ament_cmake/cmake)
-- Found Python3: /home/luomo/miniconda3/bin/python3 (found version "3.13.11") found components: Interpreter 
-- Found armor_interfaces: 0.0.0 (/home/luomo/Documents/GitHub/detect_armor_robomaster/install/armor_interfaces/share/armor_interfaces/cmake)
-- Found rosidl_generator_c: 4.6.7 (/opt/ros/jazzy/share/rosidl_generator_c/cmake)
-- Found rosidl_generator_cpp: 4.6.7 (/opt/ros/jazzy/share/rosidl_generator_cpp/cmake)
-- Using all available rosidl_typesupport_c: rosidl_typesupport_fastrtps_c;rosidl_typesupport_introspection_c
-- Using all available rosidl_typesupport_cpp: rosidl_typesupport_fastrtps_cpp;rosidl_typesupport_introspection_cpp
-- Found geometry_msgs: 5.3.6 (/opt/ros/jazzy/share/geometry_msgs/cmake)
-- Found rclcpp: 28.1.16 (/opt/ros/jazzy/share/rclcpp/cmake)
-- Found rmw_implementation_cmake: 7.3.3 (/opt/ros/jazzy/share/rmw_implementation_cmake/cmake)
-- Found rmw_fastrtps_cpp: 8.4.3 (/opt/ros/jazzy/share/rmw_fastrtps_cpp/cmake)
-- Found OpenSSL: /usr/lib/x86_64-linux-gnu/libcrypto.so (found version "3.0.13")  
-- Found FastRTPS: /opt/ros/jazzy/include (Required is at least version "2.13") 
-- Using RMW implementation 'rmw_fastrtps_cpp' as default
-- Found tf2: 0.36.19 (/opt/ros/jazzy/share/tf2/cmake)
-- Found tf2_ros: 0.36.19 (/opt/ros/jazzy/share/tf2_ros/cmake)
-- Found OpenCV: /usr (found version "4.6.0") 
-- Configuring done (0.7s)
-- Generating done (0.0s)
-- Build files have been written to: /home/luomo/Documents/GitHub/detect_armor_robomaster/build/armor_tracker_ros2
[ 44%] [32mBuilding CXX object CMakeFiles/armor_tracker_node.dir/src/armorTracker.cpp.o[0m
[ 44%] [32mBuilding CXX object CMakeFiles/armor_tracker_node.dir/src/openCVBasicDetector.cpp.o[0m
[ 44%] [32mBuilding CXX object CMakeFiles/armor_tracker_node.dir/src/main.cpp.o[0m
[ 44%] [32mBuilding CXX object CMakeFiles/armor_tracker_node.dir/src/kalmanFilter.cpp.o[0m
[ 55%] [32mBuilding CXX object CMakeFiles/armor_tracker_node.dir/src/openCVBasicDraw.cpp.o[0m
[ 66%] [32mBuilding CXX object CMakeFiles/armor_tracker_node.dir/src/openCVBasicFX.cpp.o[0m
[ 77%] [32mBuilding CXX object CMakeFiles/armor_tracker_node.dir/src/openCVBasicImageOperator.cpp.o[0m
[ 88%] [32mBuilding CXX object CMakeFiles/armor_tracker_node.dir/src/openCVBasicOperator.cpp.o[0m
[100%] [32m[1mLinking CXX executable armor_tracker_node[0m
[100%] Built target armor_tracker_node
-- Install configuration: ""
-- Installing: /home/luomo/Documents/GitHub/detect_armor_robomaster/install/armor_tracker_ros2/lib/armor_tracker_ros2/armor_tracker_node
-- Set non-toolchain portion of runtime path of "/home/luomo/Documents/GitHub/detect_armor_robomaster/install/armor_tracker_ros2/lib/armor_tracker_ros2/armor_tracker_node" to ""
-- Installing: /home/luomo/Documents/GitHub/detect_armor_robomaster/install/armor_tracker_ros2/share/armor_tracker_ros2/launch
-- Installing: /home/luomo/Documents/GitHub/detect_armor_robomaster/install/armor_tracker_ros2/share/armor_tracker_ros2/launch/__pycache__
-- Installing: /home/luomo/Documents/GitHub/detect_armor_robomaster/install/armor_tracker_ros2/share/armor_tracker_ros2/launch/__pycache__/armor_tracker.launch.cpython-313.pyc
-- Installing: /home/luomo/Documents/GitHub/detect_armor_robomaster/install/armor_tracker_ros2/share/armor_tracker_ros2/launch/armor_tracker.launch.py
-- Installing: /home/luomo/Documents/GitHub/detect_armor_robomaster/install/armor_tracker_ros2/share/armor_tracker_ros2/urdf
-- Installing: /home/luomo/Documents/GitHub/detect_armor_robomaster/install/armor_tracker_ros2/share/armor_tracker_ros2/urdf/armor.urdf
-- Installing: /home/luomo/Documents/GitHub/detect_armor_robomaster/install/armor_tracker_ros2/share/armor_tracker_ros2/asset
-- Installing: /home/luomo/Documents/GitHub/detect_armor_robomaster/install/armor_tracker_ros2/share/armor_tracker_ros2/asset/armor.mp4
-- Installing: /home/luomo/Documents/GitHub/detect_armor_robomaster/install/armor_tracker_ros2/share/armor_tracker_ros2/rviz
-- Installing: /home/luomo/Documents/GitHub/detect_armor_robomaster/install/armor_tracker_ros2/share/armor_tracker_ros2/rviz/armor_tracker.rviz
-- Installing: /home/luomo/Documents/GitHub/detect_armor_robomaster/install/armor_tracker_ros2/share/ament_index/resource_index/package_run_dependencies/armor_tracker_ros2
-- Installing: /home/luomo/Documents/GitHub/detect_armor_robomaster/install/armor_tracker_ros2/share/ament_index/resource_index/parent_prefix_path/armor_tracker_ros2
-- Installing: /home/luomo/Documents/GitHub/detect_armor_robomaster/install/armor_tracker_ros2/share/armor_tracker_ros2/environment/ament_prefix_path.sh
-- Installing: /home/luomo/Documents/GitHub/detect_armor_robomaster/install/armor_tracker_ros2/share/armor_tracker_ros2/environment/ament_prefix_path.dsv
-- Installing: /home/luomo/Documents/GitHub/detect_armor_robomaster/install/armor_tracker_ros2/share/armor_tracker_ros2/environment/path.sh
-- Installing: /home/luomo/Documents/GitHub/detect_armor_robomaster/install/armor_tracker_ros2/share/armor_tracker_ros2/environment/path.dsv
-- Installing: /home/luomo/Documents/GitHub/detect_armor_robomaster/install/armor_tracker_ros2/share/armor_tracker_ros2/local_setup.bash
-- Installing: /home/luomo/Documents/GitHub/detect_armor_robomaster/install/armor_tracker_ros2/share/armor_tracker_ros2/local_setup.sh
-- Installing: /home/luomo/Documents/GitHub/detect_armor_robomaster/install/armor_tracker_ros2/share/armor_tracker_ros2/local_setup.zsh
-- Installing: /home/luomo/Documents/GitHub/detect_armor_robomaster/install/armor_tracker_ros2/share/armor_tracker_ros2/local_setup.dsv
-- Installing: /home/luomo/Documents/GitHub/detect_armor_robomaster/install/armor_tracker_ros2/share/armor_tracker_ros2/package.dsv
-- Installing: /home/luomo/Documents/GitHub/detect_armor_robomaster/install/armor_tracker_ros2/share/ament_index/resource_index/packages/armor_tracker_ros2
-- Installing: /home/luomo/Documents/GitHub/detect_armor_robomaster/install/armor_tracker_ros2/share/armor_tracker_ros2/cmake/armor_tracker_ros2Config.cmake
-- Installing: /home/luomo/Documents/GitHub/detect_armor_robomaster/install/armor_tracker_ros2/share/armor_tracker_ros2/cmake/armor_tracker_ros2Config-version.cmake
-- Installing: /home/luomo/Documents/GitHub/detect_armor_robomaster/install/armor_tracker_ros2/share/armor_tracker_ros2/package.xml
